#
# There is insufficient memory for the Java Runtime Environment to continue.
# Native memory allocation (malloc) failed to allocate 1048576 bytes. Error detail: AllocateHeap
# Possible reasons:
#   The system is out of physical RAM or swap space
#   This process is running with CompressedOops enabled, and the Java Heap may be blocking the growth of the native heap
# Possible solutions:
#   Reduce memory load on the system
#   Increase physical memory or swap space
#   Check if swap backing store is full
#   Decrease Java heap size (-Xmx/-Xms)
#   Decrease number of Java threads
#   Decrease Java thread stack sizes (-Xss)
#   Set larger code cache with -XX:ReservedCodeCacheSize=
#   JVM is running with Unscaled Compressed Oops mode in which the Java heap is
#     placed in the first 4GB address space. The Java Heap base address is the
#     maximum limit for the native heap growth. Please use -XX:HeapBaseMinAddress
#     to set the Java Heap base and to place the Java Heap above 4GB virtual address.
# This output file may be truncated or incomplete.
#
#  Out of Memory Error (allocation.cpp:44), pid=34448, tid=28180
#
# JRE version: OpenJDK Runtime Environment Temurin-21.0.8+9 (21.0.8+9) (build 21.0.8+9-LTS)
# Java VM: OpenJDK 64-Bit Server VM Temurin-21.0.8+9 (21.0.8+9-LTS, mixed mode, sharing, tiered, compressed oops, compressed class ptrs, parallel gc, windows-amd64)
# No core dump will be written. Minidumps are not enabled by default on client versions of Windows
#

---------------  S U M M A R Y ------------

Command Line: --add-modules=ALL-SYSTEM --add-opens=java.base/java.util=ALL-UNNAMED --add-opens=java.base/java.lang=ALL-UNNAMED --add-opens=java.base/sun.nio.fs=ALL-UNNAMED -Declipse.application=org.eclipse.jdt.ls.core.id1 -Dosgi.bundles.defaultStartLevel=4 -Declipse.product=org.eclipse.jdt.ls.core.product -Djava.import.generatesMetadataFilesAtProjectRoot=false -DDetectVMInstallationsJob.disabled=true -Dfile.encoding=utf8 -XX:+UseParallelGC -XX:GCTimeRatio=4 -XX:AdaptiveSizePolicyWeight=90 -Dsun.zip.disableMemoryMapping=true -Xmx2G -Xms100m -Xlog:disable -javaagent:c:\Users\User\.cursor\extensions\redhat.java-1.44.0-win32-x64\lombok\lombok-1.18.39-4050.jar -XX:+HeapDumpOnOutOfMemoryError -XX:HeapDumpPath=c:\Users\User\AppData\Roaming\Cursor\User\workspaceStorage\a54c4e4d57a68a84dc3402ba7cdd8a34\redhat.java -Daether.dependencyCollector.impl=bf c:\Users\User\.cursor\extensions\redhat.java-1.44.0-win32-x64\server\plugins\org.eclipse.equinox.launcher_1.7.0.v20250519-0528.jar -configuration c:\Users\User\AppData\Roaming\Cursor\User\globalStorage\redhat.java\1.44.0\config_win -data c:\Users\User\AppData\Roaming\Cursor\User\workspaceStorage\a54c4e4d57a68a84dc3402ba7cdd8a34\redhat.java\jdt_ws --pipe=\\.\pipe\lsp-48b58571a6b0b46bf42b53400f1a9771-sock

Host: 11th Gen Intel(R) Core(TM) i5-1155G7 @ 2.50GHz, 8 cores, 7G,  Windows 11 , 64 bit Build 26100 (10.0.26100.4768)
Time: Thu Sep  4 12:25:03 2025 India Standard Time elapsed time: 42518.316331 seconds (0d 11h 48m 38s)

---------------  T H R E A D  ---------------

Current thread (0x000001f0c2da9920):  JavaThread "Attach Listener" daemon [_thread_in_vm, id=28180, stack(0x000000744a300000,0x000000744a400000) (1024K)]

Stack: [0x000000744a300000,0x000000744a400000]
Native frames: (J=compiled Java code, j=interpreted, Vv=VM code, C=native code)
V  [jvm.dll+0x6d2449]
V  [jvm.dll+0x8ae341]
V  [jvm.dll+0x8b08be]
V  [jvm.dll+0x8b0fa3]
V  [jvm.dll+0x280c96]
V  [jvm.dll+0xc0347]
V  [jvm.dll+0x6d2cf9]
V  [jvm.dll+0x131116]
V  [jvm.dll+0x3f2d16]
V  [jvm.dll+0x857e6b]
V  [jvm.dll+0x6d0b0d]
C  [ucrtbase.dll+0x37b0]
C  [KERNEL32.DLL+0x2e8d7]
C  [ntdll.dll+0x3c34c]


---------------  P R O C E S S  ---------------

Threads class SMR info:
_java_thread_list=0x000001f10ac03040, length=42, elements={
0x000001f0ac342e80, 0x000001f0ac3fb5a0, 0x000001f0ac3fe580, 0x000001f0c2da8c70,
0x000001f0c2da9920, 0x000001f0c2daa720, 0x000001f0c2dab170, 0x000001f0c2db23c0,
0x000001f105798030, 0x000001f105878a70, 0x000001f105ad27d0, 0x000001f10a32aa80,
0x000001f10a603c50, 0x000001f10a652360, 0x000001f10a616300, 0x000001f10a885610,
0x000001f10a9036b0, 0x000001f10aa25db0, 0x000001f10aa24a00, 0x000001f10aa25720,
0x000001f10aa26ad0, 0x000001f10bc95810, 0x000001f10bc97250, 0x000001f10bc98c90,
0x000001f10bc96bc0, 0x000001f10bc96530, 0x000001f10bc99320, 0x000001f10bc95ea0,
0x000001f10bc9a040, 0x000001f10bc98600, 0x000001f10bc978e0, 0x000001f10bc9a6d0,
0x000001f10bc9ce30, 0x000001f10bc9b3f0, 0x000001f10c3b1490, 0x000001f10c3afa50,
0x000001f10c3b3560, 0x000001f10c3b0e00, 0x000001f10c3b2ed0, 0x000001f10c3b1b20,
0x000001f10c3b00e0, 0x000001f10c3b4fa0
}

Java Threads: ( => current thread )
  0x000001f0ac342e80 JavaThread "main"                              [_thread_blocked, id=15784, stack(0x0000007449c00000,0x0000007449d00000) (1024K)]
  0x000001f0ac3fb5a0 JavaThread "Reference Handler"          daemon [_thread_blocked, id=7624, stack(0x000000744a000000,0x000000744a100000) (1024K)]
  0x000001f0ac3fe580 JavaThread "Finalizer"                  daemon [_thread_blocked, id=16172, stack(0x000000744a100000,0x000000744a200000) (1024K)]
  0x000001f0c2da8c70 JavaThread "Signal Dispatcher"          daemon [_thread_blocked, id=3288, stack(0x000000744a200000,0x000000744a300000) (1024K)]
=>0x000001f0c2da9920 JavaThread "Attach Listener"            daemon [_thread_in_vm, id=28180, stack(0x000000744a300000,0x000000744a400000) (1024K)]
  0x000001f0c2daa720 JavaThread "Service Thread"             daemon [_thread_blocked, id=1204, stack(0x000000744a400000,0x000000744a500000) (1024K)]
  0x000001f0c2dab170 JavaThread "Monitor Deflation Thread"   daemon [_thread_blocked, id=29616, stack(0x000000744a500000,0x000000744a600000) (1024K)]
  0x000001f0c2db23c0 JavaThread "C2 CompilerThread0"         daemon [_thread_blocked, id=9056, stack(0x000000744a600000,0x000000744a700000) (1024K)]
  0x000001f105798030 JavaThread "C1 CompilerThread0"         daemon [_thread_blocked, id=31952, stack(0x000000744a700000,0x000000744a800000) (1024K)]
  0x000001f105878a70 JavaThread "Common-Cleaner"             daemon [_thread_blocked, id=22364, stack(0x000000744a800000,0x000000744a900000) (1024K)]
  0x000001f105ad27d0 JavaThread "Notification Thread"        daemon [_thread_blocked, id=23192, stack(0x000000744a900000,0x000000744aa00000) (1024K)]
  0x000001f10a32aa80 JavaThread "Active Thread: Equinox Container: 800af020-dbbd-41e2-98c8-80f8990f3069"        [_thread_blocked, id=17972, stack(0x000000744b000000,0x000000744b100000) (1024K)]
  0x000001f10a603c50 JavaThread "Refresh Thread: Equinox Container: 800af020-dbbd-41e2-98c8-80f8990f3069" daemon [_thread_blocked, id=9960, stack(0x000000744b200000,0x000000744b300000) (1024K)]
  0x000001f10a652360 JavaThread "Framework Event Dispatcher: Equinox Container: 800af020-dbbd-41e2-98c8-80f8990f3069" daemon [_thread_blocked, id=36124, stack(0x000000744b300000,0x000000744b400000) (1024K)]
  0x000001f10a616300 JavaThread "Start Level: Equinox Container: 800af020-dbbd-41e2-98c8-80f8990f3069" daemon [_thread_blocked, id=6952, stack(0x000000744b400000,0x000000744b500000) (1024K)]
  0x000001f10a885610 JavaThread "Bundle File Closer"         daemon [_thread_blocked, id=3656, stack(0x000000744b500000,0x000000744b600000) (1024K)]
  0x000001f10a9036b0 JavaThread "SCR Component Actor"        daemon [_thread_blocked, id=10912, stack(0x000000744b600000,0x000000744b700000) (1024K)]
  0x000001f10aa25db0 JavaThread "Worker-JM"                         [_thread_blocked, id=30224, stack(0x000000744b800000,0x000000744b900000) (1024K)]
  0x000001f10aa24a00 JavaThread "JNA Cleaner"                daemon [_thread_blocked, id=35820, stack(0x000000744b900000,0x000000744ba00000) (1024K)]
  0x000001f10aa25720 JavaThread "Worker-2"                          [_thread_blocked, id=18180, stack(0x000000744bc00000,0x000000744bd00000) (1024K)]
  0x000001f10aa26ad0 JavaThread "Java indexing"              daemon [_thread_blocked, id=5884, stack(0x000000744bd00000,0x000000744be00000) (1024K)]
  0x000001f10bc95810 JavaThread "Worker-4"                          [_thread_blocked, id=13008, stack(0x000000744c100000,0x000000744c200000) (1024K)]
  0x000001f10bc97250 JavaThread "Thread-2"                   daemon [_thread_in_native, id=22884, stack(0x000000744c200000,0x000000744c300000) (1024K)]
  0x000001f10bc98c90 JavaThread "Thread-3"                   daemon [_thread_in_native, id=18844, stack(0x000000744c300000,0x000000744c400000) (1024K)]
  0x000001f10bc96bc0 JavaThread "Thread-4"                   daemon [_thread_in_native, id=9088, stack(0x000000744c400000,0x000000744c500000) (1024K)]
  0x000001f10bc96530 JavaThread "Thread-5"                   daemon [_thread_in_native, id=17384, stack(0x000000744c500000,0x000000744c600000) (1024K)]
  0x000001f10bc99320 JavaThread "Thread-6"                   daemon [_thread_in_native, id=2376, stack(0x000000744c600000,0x000000744c700000) (1024K)]
  0x000001f10bc95ea0 JavaThread "Thread-7"                   daemon [_thread_in_native, id=35580, stack(0x000000744c700000,0x000000744c800000) (1024K)]
  0x000001f10bc9a040 JavaThread "Thread-8"                   daemon [_thread_in_native, id=33844, stack(0x000000744c800000,0x000000744c900000) (1024K)]
  0x000001f10bc98600 JavaThread "Thread-9"                   daemon [_thread_in_native, id=16460, stack(0x000000744c900000,0x000000744ca00000) (1024K)]
  0x000001f10bc978e0 JavaThread "Thread-10"                  daemon [_thread_in_native, id=7916, stack(0x000000744ca00000,0x000000744cb00000) (1024K)]
  0x000001f10bc9a6d0 JavaThread "pool-2-thread-1"                   [_thread_blocked, id=34200, stack(0x000000744cb00000,0x000000744cc00000) (1024K)]
  0x000001f10bc9ce30 JavaThread "WorkspaceEventsHandler"            [_thread_blocked, id=18208, stack(0x000000744cc00000,0x000000744cd00000) (1024K)]
  0x000001f10bc9b3f0 JavaThread "pool-1-thread-1"                   [_thread_blocked, id=26888, stack(0x000000744cd00000,0x000000744ce00000) (1024K)]
  0x000001f10c3b1490 JavaThread "Java Debug Server"          daemon [_thread_in_native, id=33200, stack(0x0000007449b00000,0x0000007449c00000) (1024K)]
  0x000001f10c3afa50 JavaThread "pool-5-thread-1"                   [_thread_in_native, id=7656, stack(0x000000744b700000,0x000000744b800000) (1024K)]
  0x000001f10c3b3560 JavaThread "RxSchedulerPurge-1"         daemon [_thread_blocked, id=19116, stack(0x000000744ba00000,0x000000744bb00000) (1024K)]
  0x000001f10c3b0e00 JavaThread "RxCachedWorkerPoolEvictor-1" daemon [_thread_blocked, id=25896, stack(0x000000744bb00000,0x000000744bc00000) (1024K)]
  0x000001f10c3b2ed0 JavaThread "RxNewThreadScheduler-1"     daemon [_thread_blocked, id=22852, stack(0x000000744be00000,0x000000744bf00000) (1024K)]
  0x000001f10c3b1b20 JavaThread "Packet Receive Manager"     daemon [_thread_in_native, id=6792, stack(0x000000744bf00000,0x000000744c000000) (1024K)]
  0x000001f10c3b00e0 JavaThread "Packet Send Manager"        daemon [_thread_blocked, id=13696, stack(0x000000744ce00000,0x000000744cf00000) (1024K)]
  0x000001f10c3b4fa0 JavaThread "Event Hub"                  daemon [_thread_blocked, id=5452, stack(0x000000744c000000,0x000000744c100000) (1024K)]
Total: 42

Other Threads:
  0x000001f0c2da2d40 VMThread "VM Thread"                           [id=15060, stack(0x0000007449f00000,0x000000744a000000) (1024K)]
  0x000001f0ac3ae1c0 WatcherThread "VM Periodic Task Thread"        [id=18616, stack(0x0000007449e00000,0x0000007449f00000) (1024K)]
  0x000001f0ac35fe90 WorkerThread "GC Thread#0"                     [id=22856, stack(0x0000007449d00000,0x0000007449e00000) (1024K)]
  0x000001f105b10b20 WorkerThread "GC Thread#1"                     [id=3760, stack(0x000000744aa00000,0x000000744ab00000) (1024K)]
  0x000001f105b10ec0 WorkerThread "GC Thread#2"                     [id=34008, stack(0x000000744ab00000,0x000000744ac00000) (1024K)]
  0x000001f105abeb00 WorkerThread "GC Thread#3"                     [id=11616, stack(0x000000744ac00000,0x000000744ad00000) (1024K)]
  0x000001f105abeea0 WorkerThread "GC Thread#4"                     [id=32392, stack(0x000000744ad00000,0x000000744ae00000) (1024K)]
  0x000001f105abf240 WorkerThread "GC Thread#5"                     [id=26744, stack(0x000000744ae00000,0x000000744af00000) (1024K)]
  0x000001f105b1d3c0 WorkerThread "GC Thread#6"                     [id=12220, stack(0x000000744af00000,0x000000744b000000) (1024K)]
  0x000001f10a57bef0 WorkerThread "GC Thread#7"                     [id=3912, stack(0x000000744b100000,0x000000744b200000) (1024K)]
Total: 10

Threads with active compile tasks:
Total: 0

VM state: not at safepoint (normal execution)

VM Mutex/Monitor currently owned by a thread: None

Heap address: 0x0000000080000000, size: 2048 MB, Compressed Oops mode: 32-bit

CDS archive(s) mapped at: [0x000001f0c3000000-0x000001f0c3ba0000-0x000001f0c3ba0000), size 12189696, SharedBaseAddress: 0x000001f0c3000000, ArchiveRelocationMode: 1.
Compressed class space mapped at: 0x000001f0c4000000-0x000001f104000000, reserved size: 1073741824
Narrow klass base: 0x000001f0c3000000, Narrow klass shift: 0, Narrow klass range: 0x100000000

GC Precious Log:
 CardTable entry size: 512
 CPUs: 8 total, 8 available
 Memory: 7941M
 Large Page Support: Disabled
 NUMA Support: Disabled
 Compressed Oops: Enabled (32-bit)
 Alignments: Space 512K, Generation 512K, Heap 2M
 Heap Min Capacity: 100M
 Heap Initial Capacity: 100M
 Heap Max Capacity: 2G
 Pre-touch: Disabled
 Parallel Workers: 8

Heap:
 PSYoungGen      total 9216K, used 2864K [0x00000000d5580000, 0x00000000d6080000, 0x0000000100000000)
  eden space 8704K, 30% used [0x00000000d5580000,0x00000000d58143d8,0x00000000d5e00000)
  from space 512K, 43% used [0x00000000d6000000,0x00000000d6038000,0x00000000d6080000)
  to   space 512K, 0% used [0x00000000d5f80000,0x00000000d5f80000,0x00000000d6000000)
 ParOldGen       total 892928K, used 892921K [0x0000000080000000, 0x00000000b6800000, 0x00000000d5580000)
  object space 892928K, 99% used [0x0000000080000000,0x00000000b67fe618,0x00000000b6800000)
 Metaspace       used 75563K, committed 77248K, reserved 1179648K
  class space    used 7926K, committed 8640K, reserved 1048576K

Card table byte_map: [0x000001f0abce0000,0x000001f0ac0f0000] _byte_map_base: 0x000001f0ab8e0000

Marking Bits: (ParMarkBitMap*) 0x00007ffbfca7a340
 Begin Bits: [0x000001f0be7e0000, 0x000001f0c07e0000)
 End Bits:   [0x000001f0c07e0000, 0x000001f0c27e0000)

Polling page: 0x000001f0aa200000

Metaspace:

Usage:
  Non-class:     66.05 MB used.
      Class:      7.74 MB used.
       Both:     73.79 MB used.

Virtual space:
  Non-class space:      128.00 MB reserved,      67.00 MB ( 52%) committed,  2 nodes.
      Class space:        1.00 GB reserved,       8.44 MB ( <1%) committed,  1 nodes.
             Both:        1.12 GB reserved,      75.44 MB (  7%) committed. 

Chunk freelists:
   Non-Class:  12.67 MB
       Class:  7.59 MB
        Both:  20.26 MB

MaxMetaspaceSize: unlimited
CompressedClassSpaceSize: 1.00 GB
Initial GC threshold: 21.00 MB
Current GC threshold: 97.31 MB
CDS: on
 - commit_granule_bytes: 65536.
 - commit_granule_words: 8192.
 - virtual_space_node_default_size: 8388608.
 - enlarge_chunks_in_place: 1.
 - use_allocation_guard: 0.


Internal statistics:

num_allocs_failed_limit: 9.
num_arena_births: 1528.
num_arena_deaths: 14.
num_vsnodes_births: 3.
num_vsnodes_deaths: 0.
num_space_committed: 1207.
num_space_uncommitted: 0.
num_chunks_returned_to_freelist: 23.
num_chunks_taken_from_freelist: 5276.
num_chunk_merges: 13.
num_chunk_splits: 3164.
num_chunks_enlarged: 1681.
num_inconsistent_stats: 0.

CodeHeap 'non-profiled nmethods': size=120000Kb used=13353Kb max_used=13353Kb free=106646Kb
 bounds [0x000001f0b7000000, 0x000001f0b7d10000, 0x000001f0be530000]
CodeHeap 'profiled nmethods': size=120000Kb used=40891Kb max_used=40891Kb free=79108Kb
 bounds [0x000001f0af530000, 0x000001f0b1d20000, 0x000001f0b6a60000]
CodeHeap 'non-nmethods': size=5760Kb used=1495Kb max_used=1549Kb free=4264Kb
 bounds [0x000001f0b6a60000, 0x000001f0b6cd0000, 0x000001f0b7000000]
CodeCache: size=245760Kb, used=55739Kb, max_used=55793Kb, free=190018Kb
 total_blobs=16599, nmethods=15793, adapters=709, full_count=0
Compilation: enabled, stopped_count=0, restarted_count=0

Compilation events (20 events):
Event: 42177.176 Thread 0x000001f0c2db23c0 16583       4       java.lang.Thread::interrupted (7 bytes)
Event: 42177.195 Thread 0x000001f0c2db23c0 nmethod 16583 0x000001f0b7d06e10 code [0x000001f0b7d06fa0, 0x000001f0b7d07058]
Event: 42192.951 Thread 0x000001f105798030 16584   !   3       java.util.concurrent.locks.AbstractQueuedSynchronizer::acquire (424 bytes)
Event: 42192.976 Thread 0x000001f105798030 nmethod 16584 0x000001f0b1d1ca10 code [0x000001f0b1d1cda0, 0x000001f0b1d1e588]
Event: 42230.118 Thread 0x000001f0c2db23c0 16585       4       java.util.concurrent.locks.AbstractQueuedSynchronizer$Node::setStatusRelaxed (12 bytes)
Event: 42230.126 Thread 0x000001f0c2db23c0 nmethod 16585 0x000001f0b7d07110 code [0x000001f0b7d072a0, 0x000001f0b7d07330]
Event: 42230.823 Thread 0x000001f105798030 16586       1       org.eclipse.osgi.internal.framework.EquinoxContainer::getStorage (5 bytes)
Event: 42230.827 Thread 0x000001f105798030 nmethod 16586 0x000001f0b7d07410 code [0x000001f0b7d075a0, 0x000001f0b7d07668]
Event: 42232.132 Thread 0x000001f0c2db23c0 16587       4       java.util.concurrent.ThreadPoolExecutor::runStateAtLeast (11 bytes)
Event: 42232.133 Thread 0x000001f0c2db23c0 nmethod 16587 0x000001f0b7d07710 code [0x000001f0b7d07880, 0x000001f0b7d078f8]
Event: 42266.113 Thread 0x000001f0c2db23c0 16588   !   4       java.util.concurrent.ThreadPoolExecutor::tryTerminate (177 bytes)
Event: 42266.138 Thread 0x000001f0c2db23c0 nmethod 16588 0x000001f0b7d07a10 code [0x000001f0b7d07ba0, 0x000001f0b7d07c68]
Event: 42294.121 Thread 0x000001f0c2db23c0 16589       4       java.util.concurrent.ThreadPoolExecutor::afterExecute (1 bytes)
Event: 42294.132 Thread 0x000001f0c2db23c0 nmethod 16589 0x000001f0b7d07d90 code [0x000001f0b7d07f20, 0x000001f0b7d07fa8]
Event: 42295.121 Thread 0x000001f0c2db23c0 16590   !   4       java.util.concurrent.ThreadPoolExecutor::purge (131 bytes)
Event: 42295.292 Thread 0x000001f0c2db23c0 nmethod 16590 0x000001f0b7d08090 code [0x000001f0b7d082e0, 0x000001f0b7d08c38]
Event: 42295.293 Thread 0x000001f0c2db23c0 16591   !   4       java.util.concurrent.ScheduledThreadPoolExecutor$DelayedWorkQueue::iterator (45 bytes)
Event: 42295.314 Thread 0x000001f0c2db23c0 nmethod 16591 0x000001f0b7d09510 code [0x000001f0b7d09700, 0x000001f0b7d09e18]
Event: 42440.912 Thread 0x000001f0c2db23c0 16592       4       java.util.concurrent.ThreadPoolExecutor::beforeExecute (1 bytes)
Event: 42440.977 Thread 0x000001f0c2db23c0 nmethod 16592 0x000001f0b7d0a290 code [0x000001f0b7d0a420, 0x000001f0b7d0a4a8]

GC Heap History (20 events):
Event: 41754.338 GC heap before
{Heap before GC invocations=1840 (full 3):
 PSYoungGen      total 9216K, used 8992K [0x00000000d5580000, 0x00000000d6000000, 0x0000000100000000)
  eden space 8704K, 100% used [0x00000000d5580000,0x00000000d5e00000,0x00000000d5e00000)
  from space 512K, 56% used [0x00000000d5f80000,0x00000000d5fc8000,0x00000000d6000000)
  to   space 512K, 0% used [0x00000000d5e80000,0x00000000d5e80000,0x00000000d5f00000)
 ParOldGen       total 890368K, used 889958K [0x0000000080000000, 0x00000000b6580000, 0x00000000d5580000)
  object space 890368K, 99% used [0x0000000080000000,0x00000000b6519b38,0x00000000b6580000)
 Metaspace       used 70483K, committed 72192K, reserved 1114112K
  class space    used 7193K, committed 7936K, reserved 1048576K
}
Event: 41754.357 GC heap after
{Heap after GC invocations=1840 (full 3):
 PSYoungGen      total 9216K, used 288K [0x00000000d5580000, 0x00000000d6000000, 0x0000000100000000)
  eden space 8704K, 0% used [0x00000000d5580000,0x00000000d5580000,0x00000000d5e00000)
  from space 512K, 56% used [0x00000000d5e80000,0x00000000d5ec8020,0x00000000d5f00000)
  to   space 512K, 0% used [0x00000000d5f80000,0x00000000d5f80000,0x00000000d6000000)
 ParOldGen       total 890368K, used 890150K [0x0000000080000000, 0x00000000b6580000, 0x00000000d5580000)
  object space 890368K, 99% used [0x0000000080000000,0x00000000b6549b38,0x00000000b6580000)
 Metaspace       used 70483K, committed 72192K, reserved 1114112K
  class space    used 7193K, committed 7936K, reserved 1048576K
}
Event: 41755.418 GC heap before
{Heap before GC invocations=1841 (full 3):
 PSYoungGen      total 9216K, used 8992K [0x00000000d5580000, 0x00000000d6000000, 0x0000000100000000)
  eden space 8704K, 100% used [0x00000000d5580000,0x00000000d5e00000,0x00000000d5e00000)
  from space 512K, 56% used [0x00000000d5e80000,0x00000000d5ec8020,0x00000000d5f00000)
  to   space 512K, 0% used [0x00000000d5f80000,0x00000000d5f80000,0x00000000d6000000)
 ParOldGen       total 890368K, used 890150K [0x0000000080000000, 0x00000000b6580000, 0x00000000d5580000)
  object space 890368K, 99% used [0x0000000080000000,0x00000000b6549b38,0x00000000b6580000)
 Metaspace       used 70495K, committed 72192K, reserved 1114112K
  class space    used 7196K, committed 7936K, reserved 1048576K
}
Event: 41755.427 GC heap after
{Heap after GC invocations=1841 (full 3):
 PSYoungGen      total 9216K, used 453K [0x00000000d5580000, 0x00000000d6000000, 0x0000000100000000)
  eden space 8704K, 0% used [0x00000000d5580000,0x00000000d5580000,0x00000000d5e00000)
  from space 512K, 88% used [0x00000000d5f80000,0x00000000d5ff1788,0x00000000d6000000)
  to   space 512K, 0% used [0x00000000d5e80000,0x00000000d5e80000,0x00000000d5f00000)
 ParOldGen       total 890368K, used 890358K [0x0000000080000000, 0x00000000b6580000, 0x00000000d5580000)
  object space 890368K, 99% used [0x0000000080000000,0x00000000b657db58,0x00000000b6580000)
 Metaspace       used 70495K, committed 72192K, reserved 1114112K
  class space    used 7196K, committed 7936K, reserved 1048576K
}
Event: 41756.884 GC heap before
{Heap before GC invocations=1842 (full 3):
 PSYoungGen      total 9216K, used 9157K [0x00000000d5580000, 0x00000000d6000000, 0x0000000100000000)
  eden space 8704K, 100% used [0x00000000d5580000,0x00000000d5e00000,0x00000000d5e00000)
  from space 512K, 88% used [0x00000000d5f80000,0x00000000d5ff1788,0x00000000d6000000)
  to   space 512K, 0% used [0x00000000d5e80000,0x00000000d5e80000,0x00000000d5f00000)
 ParOldGen       total 890368K, used 890358K [0x0000000080000000, 0x00000000b6580000, 0x00000000d5580000)
  object space 890368K, 99% used [0x0000000080000000,0x00000000b657db58,0x00000000b6580000)
 Metaspace       used 71608K, committed 73216K, reserved 1114112K
  class space    used 7303K, committed 8000K, reserved 1048576K
}
Event: 41756.890 GC heap after
{Heap after GC invocations=1842 (full 3):
 PSYoungGen      total 9216K, used 465K [0x00000000d5580000, 0x00000000d6000000, 0x0000000100000000)
  eden space 8704K, 0% used [0x00000000d5580000,0x00000000d5580000,0x00000000d5e00000)
  from space 512K, 90% used [0x00000000d5e80000,0x00000000d5ef45d0,0x00000000d5f00000)
  to   space 512K, 0% used [0x00000000d5f80000,0x00000000d5f80000,0x00000000d6000000)
 ParOldGen       total 890880K, used 890430K [0x0000000080000000, 0x00000000b6600000, 0x00000000d5580000)
  object space 890880K, 99% used [0x0000000080000000,0x00000000b658fb68,0x00000000b6600000)
 Metaspace       used 71608K, committed 73216K, reserved 1114112K
  class space    used 7303K, committed 8000K, reserved 1048576K
}
Event: 41757.273 GC heap before
{Heap before GC invocations=1843 (full 3):
 PSYoungGen      total 9216K, used 9169K [0x00000000d5580000, 0x00000000d6000000, 0x0000000100000000)
  eden space 8704K, 100% used [0x00000000d5580000,0x00000000d5e00000,0x00000000d5e00000)
  from space 512K, 90% used [0x00000000d5e80000,0x00000000d5ef45d0,0x00000000d5f00000)
  to   space 512K, 0% used [0x00000000d5f80000,0x00000000d5f80000,0x00000000d6000000)
 ParOldGen       total 890880K, used 890430K [0x0000000080000000, 0x00000000b6600000, 0x00000000d5580000)
  object space 890880K, 99% used [0x0000000080000000,0x00000000b658fb68,0x00000000b6600000)
 Metaspace       used 72539K, committed 74112K, reserved 1179648K
  class space    used 7455K, committed 8128K, reserved 1048576K
}
Event: 41757.277 GC heap after
{Heap after GC invocations=1843 (full 3):
 PSYoungGen      total 9216K, used 336K [0x00000000d5580000, 0x00000000d6000000, 0x0000000100000000)
  eden space 8704K, 0% used [0x00000000d5580000,0x00000000d5580000,0x00000000d5e00000)
  from space 512K, 65% used [0x00000000d5f80000,0x00000000d5fd4010,0x00000000d6000000)
  to   space 512K, 0% used [0x00000000d5e80000,0x00000000d5e80000,0x00000000d5f00000)
 ParOldGen       total 890880K, used 890725K [0x0000000080000000, 0x00000000b6600000, 0x00000000d5580000)
  object space 890880K, 99% used [0x0000000080000000,0x00000000b65d9750,0x00000000b6600000)
 Metaspace       used 72539K, committed 74112K, reserved 1179648K
  class space    used 7455K, committed 8128K, reserved 1048576K
}
Event: 41757.758 GC heap before
{Heap before GC invocations=1844 (full 3):
 PSYoungGen      total 9216K, used 9039K [0x00000000d5580000, 0x00000000d6000000, 0x0000000100000000)
  eden space 8704K, 99% used [0x00000000d5580000,0x00000000d5dffce0,0x00000000d5e00000)
  from space 512K, 65% used [0x00000000d5f80000,0x00000000d5fd4010,0x00000000d6000000)
  to   space 512K, 0% used [0x00000000d5e80000,0x00000000d5e80000,0x00000000d5f00000)
 ParOldGen       total 890880K, used 890725K [0x0000000080000000, 0x00000000b6600000, 0x00000000d5580000)
  object space 890880K, 99% used [0x0000000080000000,0x00000000b65d9750,0x00000000b6600000)
 Metaspace       used 73496K, committed 75072K, reserved 1179648K
  class space    used 7607K, committed 8320K, reserved 1048576K
}
Event: 41757.766 GC heap after
{Heap after GC invocations=1844 (full 3):
 PSYoungGen      total 9216K, used 352K [0x00000000d5580000, 0x00000000d6000000, 0x0000000100000000)
  eden space 8704K, 0% used [0x00000000d5580000,0x00000000d5580000,0x00000000d5e00000)
  from space 512K, 68% used [0x00000000d5e80000,0x00000000d5ed8000,0x00000000d5f00000)
  to   space 512K, 0% used [0x00000000d5f80000,0x00000000d5f80000,0x00000000d6000000)
 ParOldGen       total 891392K, used 890885K [0x0000000080000000, 0x00000000b6680000, 0x00000000d5580000)
  object space 891392K, 99% used [0x0000000080000000,0x00000000b6601780,0x00000000b6680000)
 Metaspace       used 73496K, committed 75072K, reserved 1179648K
  class space    used 7607K, committed 8320K, reserved 1048576K
}
Event: 41760.463 GC heap before
{Heap before GC invocations=1845 (full 3):
 PSYoungGen      total 9216K, used 9056K [0x00000000d5580000, 0x00000000d6000000, 0x0000000100000000)
  eden space 8704K, 100% used [0x00000000d5580000,0x00000000d5e00000,0x00000000d5e00000)
  from space 512K, 68% used [0x00000000d5e80000,0x00000000d5ed8000,0x00000000d5f00000)
  to   space 512K, 0% used [0x00000000d5f80000,0x00000000d5f80000,0x00000000d6000000)
 ParOldGen       total 891392K, used 890885K [0x0000000080000000, 0x00000000b6680000, 0x00000000d5580000)
  object space 891392K, 99% used [0x0000000080000000,0x00000000b6601780,0x00000000b6680000)
 Metaspace       used 74304K, committed 75968K, reserved 1179648K
  class space    used 7741K, committed 8448K, reserved 1048576K
}
Event: 41760.470 GC heap after
{Heap after GC invocations=1845 (full 3):
 PSYoungGen      total 9216K, used 497K [0x00000000d5580000, 0x00000000d6000000, 0x0000000100000000)
  eden space 8704K, 0% used [0x00000000d5580000,0x00000000d5580000,0x00000000d5e00000)
  from space 512K, 97% used [0x00000000d5f80000,0x00000000d5ffc570,0x00000000d6000000)
  to   space 1024K, 0% used [0x00000000d5e00000,0x00000000d5e00000,0x00000000d5f00000)
 ParOldGen       total 891392K, used 891239K [0x0000000080000000, 0x00000000b6680000, 0x00000000d5580000)
  object space 891392K, 99% used [0x0000000080000000,0x00000000b6659d30,0x00000000b6680000)
 Metaspace       used 74304K, committed 75968K, reserved 1179648K
  class space    used 7741K, committed 8448K, reserved 1048576K
}
Event: 41760.982 GC heap before
{Heap before GC invocations=1846 (full 3):
 PSYoungGen      total 9216K, used 9201K [0x00000000d5580000, 0x00000000d6000000, 0x0000000100000000)
  eden space 8704K, 100% used [0x00000000d5580000,0x00000000d5e00000,0x00000000d5e00000)
  from space 512K, 97% used [0x00000000d5f80000,0x00000000d5ffc570,0x00000000d6000000)
  to   space 1024K, 0% used [0x00000000d5e00000,0x00000000d5e00000,0x00000000d5f00000)
 ParOldGen       total 891392K, used 891239K [0x0000000080000000, 0x00000000b6680000, 0x00000000d5580000)
  object space 891392K, 99% used [0x0000000080000000,0x00000000b6659d30,0x00000000b6680000)
 Metaspace       used 74329K, committed 75968K, reserved 1179648K
  class space    used 7742K, committed 8448K, reserved 1048576K
}
Event: 41760.989 GC heap after
{Heap after GC invocations=1846 (full 3):
 PSYoungGen      total 9728K, used 1006K [0x00000000d5580000, 0x00000000d6200000, 0x0000000100000000)
  eden space 8704K, 0% used [0x00000000d5580000,0x00000000d5580000,0x00000000d5e00000)
  from space 1024K, 98% used [0x00000000d5e00000,0x00000000d5efb818,0x00000000d5f00000)
  to   space 2048K, 0% used [0x00000000d6000000,0x00000000d6000000,0x00000000d6200000)
 ParOldGen       total 891904K, used 891756K [0x0000000080000000, 0x00000000b6700000, 0x00000000d5580000)
  object space 891904K, 99% used [0x0000000080000000,0x00000000b66db298,0x00000000b6700000)
 Metaspace       used 74329K, committed 75968K, reserved 1179648K
  class space    used 7742K, committed 8448K, reserved 1048576K
}
Event: 41761.359 GC heap before
{Heap before GC invocations=1847 (full 3):
 PSYoungGen      total 9728K, used 9710K [0x00000000d5580000, 0x00000000d6200000, 0x0000000100000000)
  eden space 8704K, 100% used [0x00000000d5580000,0x00000000d5e00000,0x00000000d5e00000)
  from space 1024K, 98% used [0x00000000d5e00000,0x00000000d5efb818,0x00000000d5f00000)
  to   space 2048K, 0% used [0x00000000d6000000,0x00000000d6000000,0x00000000d6200000)
 ParOldGen       total 891904K, used 891756K [0x0000000080000000, 0x00000000b6700000, 0x00000000d5580000)
  object space 891904K, 99% used [0x0000000080000000,0x00000000b66db298,0x00000000b6700000)
 Metaspace       used 74681K, committed 76352K, reserved 1179648K
  class space    used 7783K, committed 8512K, reserved 1048576K
}
Event: 41761.366 GC heap after
{Heap after GC invocations=1847 (full 3):
 PSYoungGen      total 9216K, used 468K [0x00000000d5580000, 0x00000000d6080000, 0x0000000100000000)
  eden space 8704K, 0% used [0x00000000d5580000,0x00000000d5580000,0x00000000d5e00000)
  from space 512K, 91% used [0x00000000d6000000,0x00000000d6075388,0x00000000d6080000)
  to   space 1024K, 0% used [0x00000000d5e80000,0x00000000d5e80000,0x00000000d5f80000)
 ParOldGen       total 892928K, used 892497K [0x0000000080000000, 0x00000000b6800000, 0x00000000d5580000)
  object space 892928K, 99% used [0x0000000080000000,0x00000000b67944a8,0x00000000b6800000)
 Metaspace       used 74681K, committed 76352K, reserved 1179648K
  class space    used 7783K, committed 8512K, reserved 1048576K
}
Event: 41761.643 GC heap before
{Heap before GC invocations=1848 (full 3):
 PSYoungGen      total 9216K, used 9172K [0x00000000d5580000, 0x00000000d6080000, 0x0000000100000000)
  eden space 8704K, 100% used [0x00000000d5580000,0x00000000d5e00000,0x00000000d5e00000)
  from space 512K, 91% used [0x00000000d6000000,0x00000000d6075388,0x00000000d6080000)
  to   space 1024K, 0% used [0x00000000d5e80000,0x00000000d5e80000,0x00000000d5f80000)
 ParOldGen       total 892928K, used 892497K [0x0000000080000000, 0x00000000b6800000, 0x00000000d5580000)
  object space 892928K, 99% used [0x0000000080000000,0x00000000b67944a8,0x00000000b6800000)
 Metaspace       used 75052K, committed 76672K, reserved 1179648K
  class space    used 7870K, committed 8576K, reserved 1048576K
}
Event: 41761.649 GC heap after
{Heap after GC invocations=1848 (full 3):
 PSYoungGen      total 9728K, used 404K [0x00000000d5580000, 0x00000000d6080000, 0x0000000100000000)
  eden space 8704K, 0% used [0x00000000d5580000,0x00000000d5580000,0x00000000d5e00000)
  from space 1024K, 39% used [0x00000000d5e80000,0x00000000d5ee5200,0x00000000d5f80000)
  to   space 512K, 0% used [0x00000000d6000000,0x00000000d6000000,0x00000000d6080000)
 ParOldGen       total 892928K, used 892809K [0x0000000080000000, 0x00000000b6800000, 0x00000000d5580000)
  object space 892928K, 99% used [0x0000000080000000,0x00000000b67e2618,0x00000000b6800000)
 Metaspace       used 75052K, committed 76672K, reserved 1179648K
  class space    used 7870K, committed 8576K, reserved 1048576K
}
Event: 41761.888 GC heap before
{Heap before GC invocations=1849 (full 3):
 PSYoungGen      total 9728K, used 9108K [0x00000000d5580000, 0x00000000d6080000, 0x0000000100000000)
  eden space 8704K, 100% used [0x00000000d5580000,0x00000000d5e00000,0x00000000d5e00000)
  from space 1024K, 39% used [0x00000000d5e80000,0x00000000d5ee5200,0x00000000d5f80000)
  to   space 512K, 0% used [0x00000000d6000000,0x00000000d6000000,0x00000000d6080000)
 ParOldGen       total 892928K, used 892809K [0x0000000080000000, 0x00000000b6800000, 0x00000000d5580000)
  object space 892928K, 99% used [0x0000000080000000,0x00000000b67e2618,0x00000000b6800000)
 Metaspace       used 75302K, committed 76928K, reserved 1179648K
  class space    used 7896K, committed 8576K, reserved 1048576K
}
Event: 41761.891 GC heap after
{Heap after GC invocations=1849 (full 3):
 PSYoungGen      total 9216K, used 224K [0x00000000d5580000, 0x00000000d6080000, 0x0000000100000000)
  eden space 8704K, 0% used [0x00000000d5580000,0x00000000d5580000,0x00000000d5e00000)
  from space 512K, 43% used [0x00000000d6000000,0x00000000d6038000,0x00000000d6080000)
  to   space 512K, 0% used [0x00000000d5f80000,0x00000000d5f80000,0x00000000d6000000)
 ParOldGen       total 892928K, used 892921K [0x0000000080000000, 0x00000000b6800000, 0x00000000d5580000)
  object space 892928K, 99% used [0x0000000080000000,0x00000000b67fe618,0x00000000b6800000)
 Metaspace       used 75302K, committed 76928K, reserved 1179648K
  class space    used 7896K, committed 8576K, reserved 1048576K
}

Dll operation events (11 events):
Event: 0.022 Loaded shared library c:\Users\User\.cursor\extensions\redhat.java-1.44.0-win32-x64\jre\21.0.8-win32-x86_64\bin\java.dll
Event: 0.182 Loaded shared library c:\Users\User\.cursor\extensions\redhat.java-1.44.0-win32-x64\jre\21.0.8-win32-x86_64\bin\zip.dll
Event: 0.216 Loaded shared library C:\Users\User\.cursor\extensions\redhat.java-1.44.0-win32-x64\jre\21.0.8-win32-x86_64\bin\instrument.dll
Event: 0.222 Loaded shared library C:\Users\User\.cursor\extensions\redhat.java-1.44.0-win32-x64\jre\21.0.8-win32-x86_64\bin\net.dll
Event: 0.226 Loaded shared library C:\Users\User\.cursor\extensions\redhat.java-1.44.0-win32-x64\jre\21.0.8-win32-x86_64\bin\nio.dll
Event: 0.233 Loaded shared library C:\Users\User\.cursor\extensions\redhat.java-1.44.0-win32-x64\jre\21.0.8-win32-x86_64\bin\zip.dll
Event: 0.266 Loaded shared library C:\Users\User\.cursor\extensions\redhat.java-1.44.0-win32-x64\jre\21.0.8-win32-x86_64\bin\jimage.dll
Event: 0.385 Loaded shared library c:\Users\User\.cursor\extensions\redhat.java-1.44.0-win32-x64\jre\21.0.8-win32-x86_64\bin\verify.dll
Event: 2.355 Loaded shared library C:\Users\User\AppData\Roaming\Cursor\User\globalStorage\redhat.java\1.44.0\config_win\org.eclipse.equinox.launcher\org.eclipse.equinox.launcher.win32.win32.x86_64_1.2.1400.v20250730-1736\eclipse_11913.dll
Event: 6.894 Loaded shared library C:\Users\User\AppData\Local\Temp\jna-2645995\jna14700053796116685520.dll
Event: 41756.460 Loaded shared library C:\Users\User\.cursor\extensions\redhat.java-1.44.0-win32-x64\jre\21.0.8-win32-x86_64\bin\extnet.dll

Deoptimization events (20 events):
Event: 41765.756 Thread 0x000001f10c3b4fa0 Uncommon trap: trap_request=0xffffffde fr.pc=0x000001f0b7aa4498 relative=0x0000000000000078
Event: 41765.756 Thread 0x000001f10c3b4fa0 Uncommon trap: reason=class_check action=maybe_recompile pc=0x000001f0b7aa4498 method=java.util.LinkedHashMap.afterNodeInsertion(Z)V @ 15 c2
Event: 41765.756 Thread 0x000001f10c3b4fa0 DEOPT PACKING pc=0x000001f0b7aa4498 sp=0x000000744c0fea60
Event: 41765.756 Thread 0x000001f10c3b4fa0 DEOPT UNPACKING pc=0x000001f0b6ab6da2 sp=0x000000744c0fe9d8 mode 2
Event: 41776.674 Thread 0x000001f10c3b4fa0 Uncommon trap: trap_request=0xffffffde fr.pc=0x000001f0b7aa4498 relative=0x0000000000000078
Event: 41776.674 Thread 0x000001f10c3b4fa0 Uncommon trap: reason=class_check action=maybe_recompile pc=0x000001f0b7aa4498 method=java.util.LinkedHashMap.afterNodeInsertion(Z)V @ 15 c2
Event: 41776.674 Thread 0x000001f10c3b4fa0 DEOPT PACKING pc=0x000001f0b7aa4498 sp=0x000000744c0fea60
Event: 41776.675 Thread 0x000001f10c3b4fa0 DEOPT UNPACKING pc=0x000001f0b6ab6da2 sp=0x000000744c0fe9d8 mode 2
Event: 41780.649 Thread 0x000001f10a32aa80 DEOPT PACKING pc=0x000001f0b0c9b71c sp=0x000000744b0ff310
Event: 41780.650 Thread 0x000001f10a32aa80 DEOPT UNPACKING pc=0x000001f0b6ab78e2 sp=0x000000744b0fe7d0 mode 0
Event: 41782.607 Thread 0x000001f10c3b4fa0 Uncommon trap: trap_request=0xffffffde fr.pc=0x000001f0b7aa4498 relative=0x0000000000000078
Event: 41782.608 Thread 0x000001f10c3b4fa0 Uncommon trap: reason=class_check action=maybe_recompile pc=0x000001f0b7aa4498 method=java.util.LinkedHashMap.afterNodeInsertion(Z)V @ 15 c2
Event: 41782.608 Thread 0x000001f10c3b4fa0 DEOPT PACKING pc=0x000001f0b7aa4498 sp=0x000000744c0fea70
Event: 41782.608 Thread 0x000001f10c3b4fa0 DEOPT UNPACKING pc=0x000001f0b6ab6da2 sp=0x000000744c0fe9e8 mode 2
Event: 41814.122 Thread 0x000001f10aa25720 DEOPT PACKING pc=0x000001f0b16b499c sp=0x000000744bcff640
Event: 41814.123 Thread 0x000001f10bc95810 DEOPT PACKING pc=0x000001f0b16b499c sp=0x000000744c1ff4a0
Event: 41814.125 Thread 0x000001f10bc95810 DEOPT UNPACKING pc=0x000001f0b6ab78e2 sp=0x000000744c1fea18 mode 0
Event: 41814.129 Thread 0x000001f10aa25720 DEOPT UNPACKING pc=0x000001f0b6ab78e2 sp=0x000000744bcfebb8 mode 0
Event: 41817.135 Thread 0x000001f10c3b0e00 DEOPT PACKING pc=0x000001f0b0c9b71c sp=0x000000744bbff150
Event: 41817.137 Thread 0x000001f10c3b0e00 DEOPT UNPACKING pc=0x000001f0b6ab78e2 sp=0x000000744bbfe610 mode 0

Classes loaded (20 events):
Event: 41757.679 Loading class java/util/stream/SliceOps
Event: 41757.686 Loading class java/util/stream/SliceOps done
Event: 41757.686 Loading class java/util/stream/SliceOps$1
Event: 41757.687 Loading class java/util/stream/SliceOps$1 done
Event: 41757.724 Loading class java/util/stream/SliceOps$1$1
Event: 41757.725 Loading class java/util/stream/SliceOps$1$1 done
Event: 41757.904 Loading class java/util/concurrent/CompletableFuture$UniWhenComplete
Event: 41757.905 Loading class java/util/concurrent/CompletableFuture$UniWhenComplete done
Event: 41757.906 Loading class java/util/concurrent/CompletableFuture$UniCompose
Event: 41757.907 Loading class java/util/concurrent/CompletableFuture$UniCompose done
Event: 41757.907 Loading class java/util/concurrent/CompletableFuture$UniRelay
Event: 41757.907 Loading class java/util/concurrent/CompletableFuture$UniRelay done
Event: 41758.109 Loading class java/util/concurrent/ScheduledThreadPoolExecutor$DelayedWorkQueue$Itr
Event: 41758.110 Loading class java/util/concurrent/ScheduledThreadPoolExecutor$DelayedWorkQueue$Itr done
Event: 41761.373 Loading class jdk/internal/reflect/MethodHandleByteFieldAccessorImpl
Event: 41761.374 Loading class jdk/internal/reflect/MethodHandleByteFieldAccessorImpl done
Event: 41778.297 Loading class java/lang/Throwable$WrappedPrintStream
Event: 41778.298 Loading class java/lang/Throwable$PrintStreamOrWriter
Event: 41778.299 Loading class java/lang/Throwable$PrintStreamOrWriter done
Event: 41778.299 Loading class java/lang/Throwable$WrappedPrintStream done

Classes unloaded (7 events):
Event: 7.737 Thread 0x000001f0c2da2d40 Unloading class 0x000001f0c41ab800 'java/lang/invoke/LambdaForm$MH+0x000001f0c41ab800'
Event: 7.737 Thread 0x000001f0c2da2d40 Unloading class 0x000001f0c41ab400 'java/lang/invoke/LambdaForm$MH+0x000001f0c41ab400'
Event: 7.737 Thread 0x000001f0c2da2d40 Unloading class 0x000001f0c41ab000 'java/lang/invoke/LambdaForm$MH+0x000001f0c41ab000'
Event: 7.737 Thread 0x000001f0c2da2d40 Unloading class 0x000001f0c41aac00 'java/lang/invoke/LambdaForm$MH+0x000001f0c41aac00'
Event: 7.737 Thread 0x000001f0c2da2d40 Unloading class 0x000001f0c41aa800 'java/lang/invoke/LambdaForm$BMH+0x000001f0c41aa800'
Event: 7.737 Thread 0x000001f0c2da2d40 Unloading class 0x000001f0c41aa400 'java/lang/invoke/LambdaForm$DMH+0x000001f0c41aa400'
Event: 7.737 Thread 0x000001f0c2da2d40 Unloading class 0x000001f0c41a9000 'java/lang/invoke/LambdaForm$DMH+0x000001f0c41a9000'

Classes redefined (0 events):
No events

Internal exceptions (20 events):
Event: 41754.772 Thread 0x000001f10c3ae6a0 Exception <a 'sun/nio/fs/WindowsException'{0x00000000d55c44e0}> (0x00000000d55c44e0) 
thrown [s\src\hotspot\share\prims\jni.cpp, line 520]
Event: 41754.773 Thread 0x000001f10c3ae6a0 Exception <a 'sun/nio/fs/WindowsException'{0x00000000d55c4d50}> (0x00000000d55c4d50) 
thrown [s\src\hotspot\share\prims\jni.cpp, line 520]
Event: 41756.773 Thread 0x000001f10c3afa50 Exception <a 'java/io/FileNotFoundException'{0x00000000d5b05d18}> (0x00000000d5b05d18) 
thrown [s\src\hotspot\share\prims\jni.cpp, line 520]
Event: 41757.405 Thread 0x000001f10c3afa50 Exception <a 'java/lang/NoSuchMethodError'{0x00000000d58ae920}: 'java.lang.Object java.lang.invoke.DirectMethodHandle$Holder.invokeVirtual(java.lang.Object, java.lang.Object, java.lang.Object, java.lang.Object)'> (0x00000000d58ae920) 
thrown [s\src\hotspot\share\interpreter\linkResolver.cpp, line 773]
Event: 41757.540 Thread 0x000001f10c3b2ed0 Exception <a 'java/lang/NoSuchMethodError'{0x00000000d5cb8ab0}: 'java.lang.Object java.lang.invoke.DirectMethodHandle$Holder.invokeStatic(java.lang.Object, long, java.lang.Object, java.lang.Object)'> (0x00000000d5cb8ab0) 
thrown [s\src\hotspot\share\interpreter\linkResolver.cpp, line 773]
Event: 41757.657 Thread 0x000001f10c3b2ed0 Exception <a 'sun/nio/fs/WindowsException'{0x00000000d5d734a0}> (0x00000000d5d734a0) 
thrown [s\src\hotspot\share\prims\jni.cpp, line 520]
Event: 41757.658 Thread 0x000001f10c3b2ed0 Exception <a 'sun/nio/fs/WindowsException'{0x00000000d5d74728}> (0x00000000d5d74728) 
thrown [s\src\hotspot\share\prims\jni.cpp, line 520]
Event: 41757.799 Thread 0x000001f10c3b2ed0 Exception <a 'java/io/FileNotFoundException'{0x00000000d55feac0}> (0x00000000d55feac0) 
thrown [s\src\hotspot\share\prims\jni.cpp, line 520]
Event: 41757.803 Thread 0x000001f10c3b2ed0 Exception <a 'java/io/FileNotFoundException'{0x00000000d55ffab8}> (0x00000000d55ffab8) 
thrown [s\src\hotspot\share\prims\jni.cpp, line 520]
Event: 41757.903 Thread 0x000001f10c3b2ed0 Exception <a 'java/lang/NoSuchMethodError'{0x00000000d56e17b8}: 'java.lang.Object java.lang.invoke.DirectMethodHandle$Holder.newInvokeSpecial(java.lang.Object, java.lang.Object, java.lang.Object, java.lang.Object, java.lang.Object, java.lang.Object, java.lang.Object, java.lang.Object, java.lang.Object)'> (0x00000000d56e17b8) 
thrown [s\src\hotspot\share\interpreter\linkResolver.cpp, line 773]
Event: 41758.127 Thread 0x000001f10c3b2840 Exception <a 'java/lang/NoSuchMethodError'{0x00000000d5733618}: 'long java.lang.invoke.DelegatingMethodHandle$Holder.reinvoke_L(java.lang.Object, java.lang.Object)'> (0x00000000d5733618) 
thrown [s\src\hotspot\share\interpreter\linkResolver.cpp, line 773]
Event: 41758.130 Thread 0x000001f10c3b2840 Exception <a 'java/lang/NoSuchMethodError'{0x00000000d573d530}: 'void java.lang.invoke.DelegatingMethodHandle$Holder.reinvoke_L(java.lang.Object, java.lang.Object, long)'> (0x00000000d573d530) 
thrown [s\src\hotspot\share\interpreter\linkResolver.cpp, line 773]
Event: 41760.343 Thread 0x000001f10c3b2840 Exception <a 'java/lang/NoSuchMethodError'{0x00000000d5adf2b0}: 'long java.lang.invoke.Invokers$Holder.invokeExact_MT(java.lang.Object, java.lang.Object, java.lang.Object)'> (0x00000000d5adf2b0) 
thrown [s\src\hotspot\share\interpreter\linkResolver.cpp, line 773]
Event: 41761.217 Thread 0x000001f10c3b2ed0 Implicit null exception at 0x000001f0b74b4b43 to 0x000001f0b74b5128
Event: 41761.440 Thread 0x000001f10c3b2ed0 Exception <a 'java/lang/NoSuchMethodError'{0x00000000d5692d68}: 'java.lang.Object java.lang.invoke.DirectMethodHandle$Holder.newInvokeSpecial(java.lang.Object, java.lang.Object, java.lang.Object, int, int)'> (0x00000000d5692d68) 
thrown [s\src\hotspot\share\interpreter\linkResolver.cpp, line 773]
Event: 41761.575 Thread 0x000001f10c3b2ed0 Exception <a 'java/lang/NoSuchMethodError'{0x00000000d588cd38}: 'void java.lang.invoke.DirectMethodHandle$Holder.invokeSpecial(java.lang.Object, java.lang.Object, int, java.lang.Object, java.lang.Object)'> (0x00000000d588cd38) 
thrown [s\src\hotspot\share\interpreter\linkResolver.cpp, line 773]
Event: 41771.376 Thread 0x000001f10c3b4fa0 Exception <a 'java/lang/NoSuchMethodError'{0x00000000d56a6328}: 'java.lang.Object java.lang.invoke.DirectMethodHandle$Holder.invokeSpecial(java.lang.Object, java.lang.Object, int, java.lang.Object, int, java.lang.Object)'> (0x00000000d56a6328) 
thrown [s\src\hotspot\share\interpreter\linkResolver.cpp, line 773]
Event: 41771.378 Thread 0x000001f10c3b4fa0 Exception <a 'java/lang/NoSuchMethodError'{0x00000000d56ad6c0}: 'java.lang.Object java.lang.invoke.DirectMethodHandle$Holder.newInvokeSpecial(java.lang.Object, java.lang.Object, int, java.lang.Object, int)'> (0x00000000d56ad6c0) 
thrown [s\src\hotspot\share\interpreter\linkResolver.cpp, line 773]
Event: 41771.379 Thread 0x000001f10c3b4fa0 Exception <a 'java/lang/NoSuchMethodError'{0x00000000d56b1b38}: 'java.lang.Object java.lang.invoke.DirectMethodHandle$Holder.invokeSpecial(java.lang.Object, java.lang.Object, java.lang.Object, int, java.lang.Object, int)'> (0x00000000d56b1b38) 
thrown [s\src\hotspot\share\interpreter\linkResolver.cpp, line 773]
Event: 41771.379 Thread 0x000001f10c3b4fa0 Exception <a 'java/lang/NoSuchMethodError'{0x00000000d56b5778}: 'java.lang.Object java.lang.invoke.Invokers$Holder.linkToTargetMethod(java.lang.Object, int, java.lang.Object, int, java.lang.Object)'> (0x00000000d56b5778) 
thrown [s\src\hotspot\share\interpreter\linkResolver.cpp, line 773]

ZGC Phase Switch (0 events):
No events

VM Operations (20 events):
Event: 42049.914 Executing VM operation: Cleanup
Event: 42049.915 Executing VM operation: Cleanup done
Event: 42069.914 Executing VM operation: HandshakeAllThreads (HandshakeForDeflation)
Event: 42069.915 Executing VM operation: HandshakeAllThreads (HandshakeForDeflation) done
Event: 42069.915 Executing VM operation: RendezvousGCThreads
Event: 42069.915 Executing VM operation: RendezvousGCThreads done
Event: 42095.104 Executing VM operation: Cleanup
Event: 42095.104 Executing VM operation: Cleanup done
Event: 42129.998 Executing VM operation: HandshakeAllThreads (HandshakeForDeflation)
Event: 42130.000 Executing VM operation: HandshakeAllThreads (HandshakeForDeflation) done
Event: 42130.000 Executing VM operation: RendezvousGCThreads
Event: 42130.000 Executing VM operation: RendezvousGCThreads done
Event: 42190.170 Executing VM operation: HandshakeAllThreads (HandshakeForDeflation)
Event: 42190.171 Executing VM operation: HandshakeAllThreads (HandshakeForDeflation) done
Event: 42190.171 Executing VM operation: RendezvousGCThreads
Event: 42190.171 Executing VM operation: RendezvousGCThreads done
Event: 42440.641 Executing VM operation: HandshakeAllThreads (HandshakeForDeflation)
Event: 42440.652 Executing VM operation: HandshakeAllThreads (HandshakeForDeflation) done
Event: 42440.654 Executing VM operation: RendezvousGCThreads
Event: 42440.655 Executing VM operation: RendezvousGCThreads done

Memory protections (0 events):
No events

Nmethod flushes (20 events):
Event: 25.549 Thread 0x000001f0c2da2d40 flushing  nmethod 0x000001f0aff04790
Event: 25.549 Thread 0x000001f0c2da2d40 flushing  nmethod 0x000001f0aff05e10
Event: 25.549 Thread 0x000001f0c2da2d40 flushing  nmethod 0x000001f0aff08b90
Event: 25.549 Thread 0x000001f0c2da2d40 flushing  nmethod 0x000001f0aff0a610
Event: 25.549 Thread 0x000001f0c2da2d40 flushing  nmethod 0x000001f0aff1b790
Event: 25.549 Thread 0x000001f0c2da2d40 flushing  nmethod 0x000001f0aff1d890
Event: 25.549 Thread 0x000001f0c2da2d40 flushing  nmethod 0x000001f0aff1f490
Event: 25.549 Thread 0x000001f0c2da2d40 flushing  nmethod 0x000001f0aff22110
Event: 25.549 Thread 0x000001f0c2da2d40 flushing  nmethod 0x000001f0aff3ab90
Event: 25.549 Thread 0x000001f0c2da2d40 flushing  nmethod 0x000001f0aff40e90
Event: 25.549 Thread 0x000001f0c2da2d40 flushing  nmethod 0x000001f0aff56910
Event: 25.550 Thread 0x000001f0c2da2d40 flushing  nmethod 0x000001f0aff5ad90
Event: 25.550 Thread 0x000001f0c2da2d40 flushing  nmethod 0x000001f0aff5ba10
Event: 25.550 Thread 0x000001f0c2da2d40 flushing  nmethod 0x000001f0aff5c990
Event: 25.550 Thread 0x000001f0c2da2d40 flushing  nmethod 0x000001f0aff5cf10
Event: 25.550 Thread 0x000001f0c2da2d40 flushing  nmethod 0x000001f0aff5fe10
Event: 25.550 Thread 0x000001f0c2da2d40 flushing  nmethod 0x000001f0aff60190
Event: 25.550 Thread 0x000001f0c2da2d40 flushing  nmethod 0x000001f0aff76790
Event: 25.550 Thread 0x000001f0c2da2d40 flushing  nmethod 0x000001f0affafc90
Event: 25.550 Thread 0x000001f0c2da2d40 flushing  nmethod 0x000001f0affc1610

Events (20 events):
Event: 41736.906 Thread 0x000001f10bc9b3f0 Thread added: 0x000001f10c3ae6a0
Event: 41754.200 Thread 0x000001f10c3ae6a0 Thread added: 0x000001f10c3b21b0
Event: 41756.499 Thread 0x000001f10c3ae6a0 Thread added: 0x000001f10c3b1490
Event: 41756.536 Thread 0x000001f10c3b1490 Thread added: 0x000001f10c3afa50
Event: 41757.107 Thread 0x000001f10c3afa50 Thread added: 0x000001f10c3b3560
Event: 41757.129 Thread 0x000001f10c3afa50 Thread added: 0x000001f10c3b0e00
Event: 41757.522 Thread 0x000001f10c3afa50 Thread added: 0x000001f10c3b2ed0
Event: 41757.892 Thread 0x000001f10c3b2ed0 Thread added: 0x000001f10c3b1b20
Event: 41758.118 Thread 0x000001f10c3afa50 Thread added: 0x000001f10c3b2840
Event: 41758.119 Thread 0x000001f10c3b1b20 Thread exited: 0x000001f10c3b1b20
Event: 41760.123 Thread 0x000001f10c3b2840 Thread added: 0x000001f10c3b00e0
Event: 41760.126 Thread 0x000001f10c3b00e0 Thread exited: 0x000001f10c3b00e0
Event: 41760.204 Thread 0x000001f10c3b2840 Thread added: 0x000001f10c3b1b20
Event: 41760.204 Thread 0x000001f10c3b2840 Thread added: 0x000001f10c3b00e0
Event: 41760.350 Thread 0x000001f10c3b2840 Thread added: 0x000001f10c3b3bf0
Event: 41760.359 Thread 0x000001f10c3b2840 Thread exited: 0x000001f10c3b2840
Event: 41760.821 Thread 0x000001f10c3b3bf0 Thread exited: 0x000001f10c3b3bf0
Event: 41761.875 Thread 0x000001f10c3b2ed0 Thread added: 0x000001f10c3b4fa0
Event: 41816.546 Thread 0x000001f10c3ae6a0 Thread exited: 0x000001f10c3ae6a0
Event: 41876.544 Thread 0x000001f10c3b21b0 Thread exited: 0x000001f10c3b21b0


Dynamic libraries:
0x00007ff6855d0000 - 0x00007ff6855de000 	c:\Users\User\.cursor\extensions\redhat.java-1.44.0-win32-x64\jre\21.0.8-win32-x86_64\bin\java.exe
0x00007ffcf39e0000 - 0x00007ffcf3c47000 	C:\WINDOWS\SYSTEM32\ntdll.dll
0x00007ffcf1940000 - 0x00007ffcf1a09000 	C:\WINDOWS\System32\KERNEL32.DLL
0x00007ffcf0eb0000 - 0x00007ffcf12a0000 	C:\WINDOWS\System32\KERNELBASE.dll
0x00007ffcf0d30000 - 0x00007ffcf0e7b000 	C:\WINDOWS\System32\ucrtbase.dll
0x00007ffcde270000 - 0x00007ffcde288000 	c:\Users\User\.cursor\extensions\redhat.java-1.44.0-win32-x64\jre\21.0.8-win32-x86_64\bin\jli.dll
0x00007ffcf3450000 - 0x00007ffcf3615000 	C:\WINDOWS\System32\USER32.dll
0x00007ffcd41a0000 - 0x00007ffcd443a000 	C:\WINDOWS\WinSxS\amd64_microsoft.windows.common-controls_6595b64144ccf1df_6.0.26100.4768_none_3e0c112ce331287c\COMCTL32.dll
0x00007ffcf3810000 - 0x00007ffcf38b9000 	C:\WINDOWS\System32\msvcrt.dll
0x00007ffcf1900000 - 0x00007ffcf192b000 	C:\WINDOWS\System32\GDI32.dll
0x00007ffcf0e80000 - 0x00007ffcf0ea7000 	C:\WINDOWS\System32\win32u.dll
0x00007ffcf1570000 - 0x00007ffcf16a8000 	C:\WINDOWS\System32\gdi32full.dll
0x00007ffcf14c0000 - 0x00007ffcf1563000 	C:\WINDOWS\System32\msvcp_win.dll
0x00007ffcc4420000 - 0x00007ffcc443e000 	c:\Users\User\.cursor\extensions\redhat.java-1.44.0-win32-x64\jre\21.0.8-win32-x86_64\bin\VCRUNTIME140.dll
0x00007ffcf2cc0000 - 0x00007ffcf2cef000 	C:\WINDOWS\System32\IMM32.DLL
0x00007ffcde260000 - 0x00007ffcde26c000 	c:\Users\User\.cursor\extensions\redhat.java-1.44.0-win32-x64\jre\21.0.8-win32-x86_64\bin\vcruntime140_1.dll
0x00007ffc49470000 - 0x00007ffc494fd000 	c:\Users\User\.cursor\extensions\redhat.java-1.44.0-win32-x64\jre\21.0.8-win32-x86_64\bin\msvcp140.dll
0x00007ffbfbdc0000 - 0x00007ffbfcb57000 	c:\Users\User\.cursor\extensions\redhat.java-1.44.0-win32-x64\jre\21.0.8-win32-x86_64\bin\server\jvm.dll
0x00007ffcf1a80000 - 0x00007ffcf1b34000 	C:\WINDOWS\System32\ADVAPI32.dll
0x00007ffcf1c60000 - 0x00007ffcf1d06000 	C:\WINDOWS\System32\sechost.dll
0x00007ffcf1b40000 - 0x00007ffcf1c58000 	C:\WINDOWS\System32\RPCRT4.dll
0x00007ffcf1d10000 - 0x00007ffcf1d84000 	C:\WINDOWS\System32\WS2_32.dll
0x00007ffcf0970000 - 0x00007ffcf09ce000 	C:\WINDOWS\SYSTEM32\POWRPROF.dll
0x00007ffce5840000 - 0x00007ffce5875000 	C:\WINDOWS\SYSTEM32\WINMM.dll
0x00007ffcdb4b0000 - 0x00007ffcdb4bb000 	C:\WINDOWS\SYSTEM32\VERSION.dll
0x00007ffcf0950000 - 0x00007ffcf0964000 	C:\WINDOWS\SYSTEM32\UMPDC.dll
0x00007ffcef890000 - 0x00007ffcef8ab000 	C:\WINDOWS\SYSTEM32\kernel.appcore.dll
0x00007ffcc4410000 - 0x00007ffcc441a000 	c:\Users\User\.cursor\extensions\redhat.java-1.44.0-win32-x64\jre\21.0.8-win32-x86_64\bin\jimage.dll
0x00007ffcedfb0000 - 0x00007ffcee1f1000 	C:\WINDOWS\SYSTEM32\DBGHELP.DLL
0x00007ffcf2930000 - 0x00007ffcf2cb5000 	C:\WINDOWS\System32\combase.dll
0x00007ffcf3720000 - 0x00007ffcf3800000 	C:\WINDOWS\System32\OLEAUT32.dll
0x00007ffccea40000 - 0x00007ffccea83000 	C:\WINDOWS\SYSTEM32\dbgcore.DLL
0x00007ffcf0b10000 - 0x00007ffcf0ba9000 	C:\WINDOWS\System32\bcryptPrimitives.dll
0x00007ffcde290000 - 0x00007ffcde29f000 	c:\Users\User\.cursor\extensions\redhat.java-1.44.0-win32-x64\jre\21.0.8-win32-x86_64\bin\instrument.dll
0x00007ffc88e20000 - 0x00007ffc88e3f000 	c:\Users\User\.cursor\extensions\redhat.java-1.44.0-win32-x64\jre\21.0.8-win32-x86_64\bin\java.dll
0x00007ffcf2d00000 - 0x00007ffcf344d000 	C:\WINDOWS\System32\SHELL32.dll
0x00007ffcf0bb0000 - 0x00007ffcf0d23000 	C:\WINDOWS\System32\wintypes.dll
0x00007ffcee6d0000 - 0x00007ffceef30000 	C:\WINDOWS\SYSTEM32\windows.storage.dll
0x00007ffcf3620000 - 0x00007ffcf3715000 	C:\WINDOWS\System32\SHCORE.dll
0x00007ffcf3930000 - 0x00007ffcf399a000 	C:\WINDOWS\System32\shlwapi.dll
0x00007ffcf0a30000 - 0x00007ffcf0a59000 	C:\WINDOWS\SYSTEM32\profapi.dll
0x00007ffc86220000 - 0x00007ffc86238000 	c:\Users\User\.cursor\extensions\redhat.java-1.44.0-win32-x64\jre\21.0.8-win32-x86_64\bin\zip.dll
0x00007ffcbe780000 - 0x00007ffcbe790000 	C:\Users\User\.cursor\extensions\redhat.java-1.44.0-win32-x64\jre\21.0.8-win32-x86_64\bin\net.dll
0x00007ffce0bd0000 - 0x00007ffce0cee000 	C:\WINDOWS\SYSTEM32\WINHTTP.dll
0x00007ffcefe20000 - 0x00007ffcefe8b000 	C:\WINDOWS\system32\mswsock.dll
0x00007ffc85690000 - 0x00007ffc856a6000 	C:\Users\User\.cursor\extensions\redhat.java-1.44.0-win32-x64\jre\21.0.8-win32-x86_64\bin\nio.dll
0x00007ffce8c80000 - 0x00007ffce8c90000 	c:\Users\User\.cursor\extensions\redhat.java-1.44.0-win32-x64\jre\21.0.8-win32-x86_64\bin\verify.dll
0x00007ffcb0bd0000 - 0x00007ffcb0c15000 	C:\Users\User\AppData\Roaming\Cursor\User\globalStorage\redhat.java\1.44.0\config_win\org.eclipse.equinox.launcher\org.eclipse.equinox.launcher.win32.win32.x86_64_1.2.1400.v20250730-1736\eclipse_11913.dll
0x00007ffcf2550000 - 0x00007ffcf26f0000 	C:\WINDOWS\System32\ole32.dll
0x00007ffcf00e0000 - 0x00007ffcf00fb000 	C:\WINDOWS\SYSTEM32\CRYPTSP.dll
0x00007ffcef7f0000 - 0x00007ffcef82b000 	C:\WINDOWS\system32\rsaenh.dll
0x00007ffcefec0000 - 0x00007ffcefeeb000 	C:\WINDOWS\SYSTEM32\USERENV.dll
0x00007ffcf0a00000 - 0x00007ffcf0a26000 	C:\WINDOWS\SYSTEM32\bcrypt.dll
0x00007ffcf0100000 - 0x00007ffcf010c000 	C:\WINDOWS\SYSTEM32\CRYPTBASE.dll
0x00007ffcef330000 - 0x00007ffcef363000 	C:\WINDOWS\SYSTEM32\IPHLPAPI.DLL
0x00007ffcf1770000 - 0x00007ffcf177a000 	C:\WINDOWS\System32\NSI.dll
0x00007ffcb06d0000 - 0x00007ffcb0719000 	C:\Users\User\AppData\Local\Temp\jna-2645995\jna14700053796116685520.dll
0x00007ffcf2920000 - 0x00007ffcf2928000 	C:\WINDOWS\System32\PSAPI.DLL
0x00007ffce0d30000 - 0x00007ffce0d4f000 	C:\WINDOWS\SYSTEM32\dhcpcsvc6.DLL
0x00007ffce0d00000 - 0x00007ffce0d25000 	C:\WINDOWS\SYSTEM32\dhcpcsvc.DLL
0x00007ffcde2e0000 - 0x00007ffcde2e9000 	C:\Users\User\.cursor\extensions\redhat.java-1.44.0-win32-x64\jre\21.0.8-win32-x86_64\bin\extnet.dll

JVMTI agents:
c:\Users\User\.cursor\extensions\redhat.java-1.44.0-win32-x64\lombok\lombok-1.18.39-4050.jar path:c:\Users\User\.cursor\extensions\redhat.java-1.44.0-win32-x64\jre\21.0.8-win32-x86_64\bin\instrument.dll, loaded, initialized, instrumentlib options:none

dbghelp: loaded successfully - version: 4.0.5 - missing functions: none
symbol engine: initialized successfully - sym options: 0x614 - pdb path: .;c:\Users\User\.cursor\extensions\redhat.java-1.44.0-win32-x64\jre\21.0.8-win32-x86_64\bin;C:\WINDOWS\SYSTEM32;C:\WINDOWS\WinSxS\amd64_microsoft.windows.common-controls_6595b64144ccf1df_6.0.26100.4768_none_3e0c112ce331287c;c:\Users\User\.cursor\extensions\redhat.java-1.44.0-win32-x64\jre\21.0.8-win32-x86_64\bin\server;C:\Users\User\AppData\Roaming\Cursor\User\globalStorage\redhat.java\1.44.0\config_win\org.eclipse.equinox.launcher\org.eclipse.equinox.launcher.win32.win32.x86_64_1.2.1400.v20250730-1736;C:\Users\User\AppData\Local\Temp\jna-2645995

VM Arguments:
jvm_args: --add-modules=ALL-SYSTEM --add-opens=java.base/java.util=ALL-UNNAMED --add-opens=java.base/java.lang=ALL-UNNAMED --add-opens=java.base/sun.nio.fs=ALL-UNNAMED -Declipse.application=org.eclipse.jdt.ls.core.id1 -Dosgi.bundles.defaultStartLevel=4 -Declipse.product=org.eclipse.jdt.ls.core.product -Djava.import.generatesMetadataFilesAtProjectRoot=false -DDetectVMInstallationsJob.disabled=true -Dfile.encoding=utf8 -XX:+UseParallelGC -XX:GCTimeRatio=4 -XX:AdaptiveSizePolicyWeight=90 -Dsun.zip.disableMemoryMapping=true -Xmx2G -Xms100m -Xlog:disable -javaagent:c:\Users\User\.cursor\extensions\redhat.java-1.44.0-win32-x64\lombok\lombok-1.18.39-4050.jar -XX:+HeapDumpOnOutOfMemoryError -XX:HeapDumpPath=c:\Users\User\AppData\Roaming\Cursor\User\workspaceStorage\a54c4e4d57a68a84dc3402ba7cdd8a34\redhat.java -Daether.dependencyCollector.impl=bf 
java_command: c:\Users\User\.cursor\extensions\redhat.java-1.44.0-win32-x64\server\plugins\org.eclipse.equinox.launcher_1.7.0.v20250519-0528.jar -configuration c:\Users\User\AppData\Roaming\Cursor\User\globalStorage\redhat.java\1.44.0\config_win -data c:\Users\User\AppData\Roaming\Cursor\User\workspaceStorage\a54c4e4d57a68a84dc3402ba7cdd8a34\redhat.java\jdt_ws --pipe=\\.\pipe\lsp-48b58571a6b0b46bf42b53400f1a9771-sock
java_class_path (initial): c:\Users\User\.cursor\extensions\redhat.java-1.44.0-win32-x64\server\plugins\org.eclipse.equinox.launcher_1.7.0.v20250519-0528.jar
Launcher Type: SUN_STANDARD

[Global flags]
    uintx AdaptiveSizePolicyWeight                 = 90                                        {product} {command line}
     intx CICompilerCount                          = 4                                         {product} {ergonomic}
    uintx GCTimeRatio                              = 4                                         {product} {command line}
     bool HeapDumpOnOutOfMemoryError               = true                                   {manageable} {command line}
    ccstr HeapDumpPath                             = c:\Users\User\AppData\Roaming\Cursor\User\workspaceStorage\a54c4e4d57a68a84dc3402ba7cdd8a34\redhat.java         {manageable} {command line}
   size_t InitialHeapSize                          = 104857600                                 {product} {command line}
   size_t MaxHeapSize                              = 2147483648                                {product} {command line}
   size_t MaxNewSize                               = 715653120                                 {product} {ergonomic}
   size_t MinHeapDeltaBytes                        = 524288                                    {product} {ergonomic}
   size_t MinHeapSize                              = 104857600                                 {product} {command line}
   size_t NewSize                                  = 34603008                                  {product} {ergonomic}
    uintx NonNMethodCodeHeapSize                   = 5839372                                {pd product} {ergonomic}
    uintx NonProfiledCodeHeapSize                  = 122909434                              {pd product} {ergonomic}
   size_t OldSize                                  = 70254592                                  {product} {ergonomic}
    uintx ProfiledCodeHeapSize                     = 122909434                              {pd product} {ergonomic}
    uintx ReservedCodeCacheSize                    = 251658240                              {pd product} {ergonomic}
     bool SegmentedCodeCache                       = true                                      {product} {ergonomic}
   size_t SoftMaxHeapSize                          = 2147483648                             {manageable} {ergonomic}
     bool UseCompressedOops                        = true                           {product lp64_product} {ergonomic}
     bool UseLargePagesIndividualAllocation        = false                                  {pd product} {ergonomic}
     bool UseParallelGC                            = true                                      {product} {command line}

Logging:
Log output configuration:
 #0: stdout all=off uptime,level,tags foldmultilines=false
 #1: stderr all=off uptime,level,tags foldmultilines=false

Environment Variables:
JAVA_HOME=D:\Installation\jdk-19.0.2
PATH=C:\Program Files (x86)\Common Files\Oracle\Java\javapath;D:\Installation\Python311\Scripts\;D:\Installation\Python311\;C:\Windows\system32;C:\Windows;C:\Windows\System32\Wbem;C:\Windows\System32\WindowsPowerShell\v1.0\;C:\Windows\System32\OpenSSH\;D:\Installation\Git\cmd;C:\Program Files\Docker\Docker\resources\bin;C:\Program Files\Kubernetes\Minikube;C:\ProgramData\chocolatey\bin;C:\Program Files\Microsoft SQL Server\150\Tools\Binn\;C:\Program Files\Microsoft SQL Server\Client SDK\ODBC\170\Tools\Binn\;C:\Program Files\dotnet\;C:\Program Files (x86)\Windows Kits\10\Windows Performance Toolkit\;C:\Program Files\Amazon\AWSCLIV2\;C:\Program Files (x86)\Yarn\bin\;D:\Installation\nodejs\;D:\Installation\Go\bin;C:\WINDOWS\system32;C:\WINDOWS;C:\WINDOWS\System32\Wbem;C:\WINDOWS\System32\WindowsPowerShell\v1.0\;C:\WINDOWS\System32\OpenSSH\;D:\Installation\Void\bin;D:\Installation\Ruby32-x64\bin;C:\Users\User\AppData\Local\Microsoft\WindowsApps;D:\Installations\JetBrains\PyCharm Community Edition 2022.3.1\bin;;D:\Installation\flutter\bin;D:\Installation\jdk-19.0.2\bin;D:\Installation\Python311;D:\Installation\Python311\Scripts\;D:\Installation\Brackets\;D:\Installation\Microsoft VS Code\bin;D:\Installation\Kubernetes;C:\Program Files\Kubernetes\Minikube;C:\ProgramData\chocolatey;C:\Program Files\MySQL\MySQL Server 8.0\bin;C:\Users\User\.dotnet\tools;C:\Users\User\AppData\Roaming\npm\node_modules\serverless\bin;D:\Installation\JetBrains\IntelliJ IDEA Community Edition 2022.3.3\bin;;D:\Installation\PostgreSQL\15\bin;C:\Users\User\AppData\Local\Yarn\bin;C:\Users\User\AppData\Local\Android\Sdk\platform-tools;D:\Installation\Anaconda3\condabin;D:\Installation\apache-maven-3.9.2\bin;C:\Users\User\AppData\Local\Pandoc\;C:\Users\User\AppData\Roaming\npm;C:\Users\User\go\bin;D:\Installation\Go\bin;C:\Users\User\AppData\Local\Programs\cursor\resources\app\bin;C:\Users\User\AppData\Local\GitHubDesktop\bin
USERNAME=User
OS=Windows_NT
PROCESSOR_IDENTIFIER=Intel64 Family 6 Model 140 Stepping 2, GenuineIntel
TMP=C:\Users\User\AppData\Local\Temp
TEMP=C:\Users\User\AppData\Local\Temp




Periodic native trim disabled

---------------  S Y S T E M  ---------------

OS:
 Windows 11 , 64 bit Build 26100 (10.0.26100.4768)
OS uptime: 14 days 0:31 hours
Hyper-V role detected

CPU: total 8 (initial active 8) (4 cores per cpu, 2 threads per core) family 6 model 140 stepping 2 microcode 0x2c, cx8, cmov, fxsr, ht, mmx, 3dnowpref, sse, sse2, sse3, ssse3, sse4.1, sse4.2, popcnt, lzcnt, tsc, tscinvbit, avx, avx2, aes, erms, clmul, bmi1, bmi2, adx, avx512f, avx512dq, avx512cd, avx512bw, avx512vl, sha, fma, vzeroupper, avx512_vpopcntdq, avx512_vpclmulqdq, avx512_vaes, avx512_vnni, clflush, clflushopt, clwb, avx512_vbmi2, avx512_vbmi, hv, rdtscp, rdpid, fsrm, gfni, avx512_bitalg, f16c, cet_ibt, cet_ss, avx512_ifma
Processor Information for the first 8 processors :
  Max Mhz: 2496, Current Mhz: 2496, Mhz Limit: 2496

Memory: 4k page, system-wide physical 7941M (437M free)
TotalPageFile size 32517M (AvailPageFile size 12M)
current process WorkingSet (physical memory assigned to process): 8M, peak: 376M
current process commit charge ("private bytes"): 1219M, peak: 1221M

vm_info: OpenJDK 64-Bit Server VM (21.0.8+9-LTS) for windows-amd64 JRE (21.0.8+9-LTS), built on 2025-07-15T00:00:00Z by "admin" with MS VC++ 17.7 (VS2022)

END.
