#
# There is insufficient memory for the Java Runtime Environment to continue.
# Native memory allocation (mmap) failed to map 224395264 bytes for G1 virtual space
# Possible reasons:
#   The system is out of physical RAM or swap space
#   The process is running with CompressedOops enabled, and the Java Heap may be blocking the growth of the native heap
# Possible solutions:
#   Reduce memory load on the system
#   Increase physical memory or swap space
#   Check if swap backing store is full
#   Decrease Java heap size (-Xmx/-Xms)
#   Decrease number of Java threads
#   Decrease Java thread stack sizes (-Xss)
#   Set larger code cache with -XX:ReservedCodeCacheSize=
#   JVM is running with Unscaled Compressed Oops mode in which the Java heap is
#     placed in the first 4GB address space. The Java Heap base address is the
#     maximum limit for the native heap growth. Please use -XX:HeapBaseMinAddress
#     to set the Java Heap base and to place the Java Heap above 4GB virtual address.
# This output file may be truncated or incomplete.
#
#  Out of Memory Error (os_windows.cpp:3536), pid=18424, tid=26860
#
# JRE version: Java(TM) SE Runtime Environment (19.0.2+7) (build 19.0.2+7-44)
# Java VM: Java HotSpot(TM) 64-Bit Server VM (19.0.2+7-44, mixed mode, sharing, tiered, compressed oops, compressed class ptrs, g1 gc, windows-amd64)
# No core dump will be written. Minidumps are not enabled by default on client versions of Windows
#

---------------  S U M M A R Y ------------

Command Line: -agentlib:jdwp=transport=dt_socket,server=n,suspend=y,address=localhost:50612 -Dcom.sun.management.jmxremote -Dcom.sun.management.jmxremote.port=52107 -Dcom.sun.management.jmxremote.authenticate=false -Dcom.sun.management.jmxremote.ssl=false -Dspring.jmx.enabled=true -Djava.rmi.server.hostname=localhost -Dspring.application.admin.enabled=true -Dspring.boot.project.name=cityfashion_pos -XX:+ShowCodeDetailsInExceptionMessages com.cityfashionpos.CityfashionPosBackendApplication

Host: 11th Gen Intel(R) Core(TM) i5-1155G7 @ 2.50GHz, 8 cores, 7G,  Windows 11 , 64 bit Build 26100 (10.0.26100.5074)
Time: Mon Sep 22 22:37:45 2025 India Standard Time elapsed time: 2826.198277 seconds (0d 0h 47m 6s)

---------------  T H R E A D  ---------------

Current thread (0x00000256ae3d6690):  VMThread "VM Thread" [stack: 0x0000008556b00000,0x0000008556c00000] [id=26860]

Stack: [0x0000008556b00000,0x0000008556c00000]
Native frames: (J=compiled Java code, j=interpreted, Vv=VM code, C=native code)
V  [jvm.dll+0x6ee21a]
V  [jvm.dll+0x85765e]
V  [jvm.dll+0x85904e]
V  [jvm.dll+0x859703]
V  [jvm.dll+0x28298f]
V  [jvm.dll+0x6eb009]
V  [jvm.dll+0x6dfbaa]
V  [jvm.dll+0x3573f6]
V  [jvm.dll+0x35ee56]
V  [jvm.dll+0x3b541e]
V  [jvm.dll+0x3b564f]
V  [jvm.dll+0x32c9ea]
V  [jvm.dll+0x32ca97]
V  [jvm.dll+0x374cd2]
V  [jvm.dll+0x37340f]
V  [jvm.dll+0x32c210]
V  [jvm.dll+0x3729ab]
V  [jvm.dll+0x85ebc3]
V  [jvm.dll+0x85f989]
V  [jvm.dll+0x85febd]
V  [jvm.dll+0x86034b]
V  [jvm.dll+0x860407]
V  [jvm.dll+0x80125a]
V  [jvm.dll+0x6ecf0b]
C  [ucrtbase.dll+0x37b0]
C  [KERNEL32.DLL+0x2e8d7]
C  [ntdll.dll+0x8d9c]

VM_Operation (0x00000085564fd440): G1CollectForAllocation, mode: safepoint, requested by thread 0x00000256b457c060


---------------  P R O C E S S  ---------------

Threads class SMR info:
_java_thread_list=0x00000256b5ad58d0, length=26, elements={
0x00000256ae3ee4f0, 0x00000256b2c02090, 0x00000256b2c07c70, 0x00000256b2c085a0,
0x00000256b2c08ed0, 0x00000256b2c09800, 0x00000256b2c0c470, 0x00000256b2c19b90,
0x00000256b2c22510, 0x00000256b2d34080, 0x00000256b2e76ce0, 0x00000256b2e79660,
0x00000256b2e79bb0, 0x00000256b2e7a100, 0x00000256b3b0f240, 0x00000256b37193b0,
0x00000256b3a11a60, 0x00000256b3befa90, 0x00000256b7a7c7d0, 0x00000256b7a7e7b0,
0x00000256b457d050, 0x00000256b457c060, 0x00000256b457cb00, 0x00000256b457e590,
0x00000256b457c5b0, 0x00000256b4ebb310
}

Java Threads: ( => current thread )
  0x00000256ae3ee4f0 JavaThread "Reference Handler" daemon [_thread_blocked, id=34516, stack(0x0000008556c00000,0x0000008556d00000)]
  0x00000256b2c02090 JavaThread "Finalizer" daemon [_thread_blocked, id=28792, stack(0x0000008556d00000,0x0000008556e00000)]
  0x00000256b2c07c70 JavaThread "Signal Dispatcher" daemon [_thread_blocked, id=26408, stack(0x0000008556e00000,0x0000008556f00000)]
  0x00000256b2c085a0 JavaThread "Attach Listener" daemon [_thread_blocked, id=36420, stack(0x0000008556f00000,0x0000008557000000)]
  0x00000256b2c08ed0 JavaThread "Service Thread" daemon [_thread_blocked, id=30896, stack(0x0000008557000000,0x0000008557100000)]
  0x00000256b2c09800 JavaThread "Monitor Deflation Thread" daemon [_thread_blocked, id=31984, stack(0x0000008557100000,0x0000008557200000)]
  0x00000256b2c0c470 JavaThread "C2 CompilerThread0" daemon [_thread_blocked, id=36800, stack(0x0000008557200000,0x0000008557300000)]
  0x00000256b2c19b90 JavaThread "C1 CompilerThread0" daemon [_thread_blocked, id=15940, stack(0x0000008557300000,0x0000008557400000)]
  0x00000256b2c22510 JavaThread "Sweeper thread" daemon [_thread_blocked, id=13188, stack(0x0000008557400000,0x0000008557500000)]
  0x00000256b2d34080 JavaThread "Common-Cleaner" daemon [_thread_blocked, id=35976, stack(0x0000008557500000,0x0000008557600000)]
  0x00000256b2e76ce0 JavaThread "JDWP Transport Listener: dt_socket" daemon [_thread_blocked, id=31572, stack(0x0000008557600000,0x0000008557700000)]
  0x00000256b2e79660 JavaThread "JDWP Event Helper Thread" daemon [_thread_blocked, id=31580, stack(0x0000008557700000,0x0000008557800000)]
  0x00000256b2e79bb0 JavaThread "JDWP Command Reader" daemon [_thread_blocked, id=3384, stack(0x0000008557800000,0x0000008557900000)]
  0x00000256b2e7a100 JavaThread "Notification Thread" daemon [_thread_blocked, id=26292, stack(0x0000008557900000,0x0000008557a00000)]
  0x00000256b3b0f240 JavaThread "RMI TCP Accept-0" daemon [_thread_in_native, id=32156, stack(0x0000008557a00000,0x0000008557b00000)]
  0x00000256b37193b0 JavaThread "RMI TCP Accept-52107" daemon [_thread_in_native, id=15000, stack(0x0000008557b00000,0x0000008557c00000)]
  0x00000256b3a11a60 JavaThread "RMI TCP Accept-0" daemon [_thread_in_native, id=28668, stack(0x0000008557c00000,0x0000008557d00000)]
  0x00000256b3befa90 JavaThread "mysql-cj-abandoned-connection-cleanup" daemon [_thread_blocked, id=35488, stack(0x0000008558c00000,0x0000008558d00000)]
  0x00000256b7a7c7d0 JavaThread "Live Reload Server" daemon [_thread_in_native, id=2692, stack(0x0000008559100000,0x0000008559200000)]
  0x00000256b7a7e7b0 JavaThread "DestroyJavaVM" [_thread_blocked, id=30616, stack(0x0000008556500000,0x0000008556600000)]
  0x00000256b457d050 JavaThread "Thread-19" [_thread_blocked, id=35212, stack(0x0000008556200000,0x0000008556300000)]
  0x00000256b457c060 JavaThread "restartedMain" [_thread_blocked, id=36388, stack(0x0000008556400000,0x0000008556500000)]
  0x00000256b457cb00 JavaThread "Catalina-utility-1" [_thread_blocked, id=33476, stack(0x0000008558500000,0x0000008558600000)]
  0x00000256b457e590 JavaThread "Catalina-utility-2" [_thread_blocked, id=29868, stack(0x0000008558600000,0x0000008558700000)]
  0x00000256b457c5b0 JavaThread "container-0" [_thread_blocked, id=27544, stack(0x0000008558700000,0x0000008558800000)]
  0x00000256b4ebb310 JavaThread "HikariPool-6 housekeeper" daemon [_thread_blocked, id=11132, stack(0x0000008558900000,0x0000008558a00000)]

Other Threads:
=>0x00000256ae3d6690 VMThread "VM Thread" [stack: 0x0000008556b00000,0x0000008556c00000] [id=26860]
  0x00000256b3a0f7f0 WatcherThread "VM Periodic Task Thread" [stack: 0x0000008557d00000,0x0000008557e00000] [id=28784]
  0x000002568e4226a0 WorkerThread "GC Thread#0" [stack: 0x0000008556600000,0x0000008556700000] [id=28372]
  0x00000256b3a32f30 WorkerThread "GC Thread#1" [stack: 0x0000008557e00000,0x0000008557f00000] [id=24644]
  0x00000256b3a33200 WorkerThread "GC Thread#2" [stack: 0x0000008557f00000,0x0000008558000000] [id=28084]
  0x00000256b3cec2a0 WorkerThread "GC Thread#3" [stack: 0x0000008558000000,0x0000008558100000] [id=11500]
  0x00000256b3cec570 WorkerThread "GC Thread#4" [stack: 0x0000008558100000,0x0000008558200000] [id=23484]
  0x00000256b3b3c2e0 WorkerThread "GC Thread#5" [stack: 0x0000008558200000,0x0000008558300000] [id=16056]
  0x00000256b3b3ce20 WorkerThread "GC Thread#6" [stack: 0x0000008558300000,0x0000008558400000] [id=35324]
  0x00000256b3b3dc30 WorkerThread "GC Thread#7" [stack: 0x0000008558400000,0x0000008558500000] [id=34040]
  0x000002568e433bc0 ConcurrentGCThread "G1 Main Marker" [stack: 0x0000008556700000,0x0000008556800000] [id=31268]
  0x000002568e434ca0 WorkerThread "G1 Conc#0" [stack: 0x0000008556800000,0x0000008556900000] [id=8700]
  0x00000256b3b3cb50 WorkerThread "G1 Conc#1" [stack: 0x0000008558800000,0x0000008558900000] [id=33928]
  0x00000256ae283060 ConcurrentGCThread "G1 Refine#0" [stack: 0x0000008556900000,0x0000008556a00000] [id=26144]
  0x00000256ae286870 ConcurrentGCThread "G1 Service" [stack: 0x0000008556a00000,0x0000008556b00000] [id=13492]

Threads with active compile tasks:
C2 CompilerThread0  2826265 15089   !   4       org.springframework.core.type.filter.AbstractTypeHierarchyTraversingFilter::match (305 bytes)

VM state: at safepoint (normal execution)

VM Mutex/Monitor currently owned by a thread:  ([mutex/lock_event])
[0x000002568e3bc460] Threads_lock - owner thread: 0x00000256ae3d6690
[0x000002568e3bbd10] Heap_lock - owner thread: 0x00000256b457c060

Heap address: 0x0000000083e00000, size: 1986 MB, Compressed Oops mode: 32-bit

CDS archive(s) mapped at: [0x0000000800000000-0x0000000800c40000-0x0000000800c40000), size 12845056, SharedBaseAddress: 0x0000000800000000, ArchiveRelocationMode: 0.
Compressed class space mapped at: 0x0000000801000000-0x0000000841000000, reserved size: 1073741824
Narrow klass base: 0x0000000800000000, Narrow klass shift: 0, Narrow klass range: 0x100000000

GC Precious Log:
 CardTable entry size: 512
 Card Set container configuration: InlinePtr #cards 5 size 8 Array Of Cards #cards 12 size 40 Howl #buckets 4 coarsen threshold 1843 Howl Bitmap #cards 512 size 80 coarsen threshold 460 Card regions per heap region 1 cards per card region 2048
 CPUs: 8 total, 8 available
 Memory: 7941M
 Large Page Support: Disabled
 NUMA Support: Disabled
 Compressed Oops: Enabled (32-bit)
 Heap Region Size: 1M
 Heap Min Capacity: 8M
 Heap Initial Capacity: 126M
 Heap Max Capacity: 1986M
 Pre-touch: Disabled
 Parallel Workers: 8
 Concurrent Workers: 2
 Concurrent Refinement Workers: 8
 Periodic GC: Disabled

Heap:
 garbage-first heap   total 109568K, used 35468K [0x0000000083e00000, 0x0000000100000000)
  region size 1024K, 5 young (5120K), 5 survivors (5120K)
 Metaspace       used 81802K, committed 82432K, reserved 1179648K
  class space    used 9239K, committed 9536K, reserved 1048576K

Heap Regions: E=young(eden), S=young(survivor), O=old, HS=humongous(starts), HC=humongous(continues), CS=collection set, F=free, OA=open archive, CA=closed archive, TAMS=top-at-mark-start (previous, next)
|   0|0x0000000083e00000, 0x0000000083f00000, 0x0000000083f00000|100%|HS|  |TAMS 0x0000000083f00000, 0x0000000083f00000| Untracked 
|   1|0x0000000083f00000, 0x0000000084000000, 0x0000000084000000|100%| O|  |TAMS 0x0000000084000000, 0x0000000084000000| Untracked 
|   2|0x0000000084000000, 0x0000000084100000, 0x0000000084100000|100%| O|  |TAMS 0x0000000084100000, 0x0000000084100000| Untracked 
|   3|0x0000000084100000, 0x0000000084200000, 0x0000000084200000|100%| O|  |TAMS 0x0000000084200000, 0x0000000084200000| Untracked 
|   4|0x0000000084200000, 0x00000000842ffff8, 0x0000000084300000| 99%| O|  |TAMS 0x00000000842ffff8, 0x00000000842ffff8| Untracked 
|   5|0x0000000084300000, 0x0000000084400000, 0x0000000084400000|100%| O|  |TAMS 0x0000000084400000, 0x0000000084400000| Untracked 
|   6|0x0000000084400000, 0x0000000084500000, 0x0000000084500000|100%| O|  |TAMS 0x0000000084500000, 0x0000000084500000| Untracked 
|   7|0x0000000084500000, 0x00000000845fffd8, 0x0000000084600000| 99%| O|  |TAMS 0x00000000845fffd8, 0x00000000845fffd8| Untracked 
|   8|0x0000000084600000, 0x00000000846fffd8, 0x0000000084700000| 99%| O|  |TAMS 0x00000000846fffd8, 0x00000000846fffd8| Untracked 
|   9|0x0000000084700000, 0x00000000847ffff0, 0x0000000084800000| 99%| O|  |TAMS 0x00000000847ffff0, 0x00000000847ffff0| Untracked 
|  10|0x0000000084800000, 0x00000000848fffd8, 0x0000000084900000| 99%| O|  |TAMS 0x00000000848fffd8, 0x00000000848fffd8| Untracked 
|  11|0x0000000084900000, 0x00000000849ffff8, 0x0000000084a00000| 99%| O|  |TAMS 0x00000000849ffff8, 0x00000000849ffff8| Untracked 
|  12|0x0000000084a00000, 0x0000000084affff0, 0x0000000084b00000| 99%| O|  |TAMS 0x0000000084affff0, 0x0000000084affff0| Untracked 
|  13|0x0000000084b00000, 0x0000000084c00000, 0x0000000084c00000|100%| O|  |TAMS 0x0000000084c00000, 0x0000000084c00000| Untracked 
|  14|0x0000000084c00000, 0x0000000084cfffe0, 0x0000000084d00000| 99%| O|  |TAMS 0x0000000084cfffe0, 0x0000000084cfffe0| Untracked 
|  15|0x0000000084d00000, 0x0000000084e00000, 0x0000000084e00000|100%| O|  |TAMS 0x0000000084e00000, 0x0000000084e00000| Untracked 
|  16|0x0000000084e00000, 0x0000000084efffe8, 0x0000000084f00000| 99%| O|  |TAMS 0x0000000084efffe8, 0x0000000084efffe8| Untracked 
|  17|0x0000000084f00000, 0x0000000084fffff0, 0x0000000085000000| 99%| O|  |TAMS 0x0000000084fffff0, 0x0000000084fffff0| Untracked 
|  18|0x0000000085000000, 0x00000000850fff88, 0x0000000085100000| 99%| O|  |TAMS 0x00000000850fff88, 0x00000000850fff88| Untracked 
|  19|0x0000000085100000, 0x00000000851ffff0, 0x0000000085200000| 99%| O|  |TAMS 0x00000000851ffff0, 0x00000000851ffff0| Untracked 
|  20|0x0000000085200000, 0x0000000085300000, 0x0000000085300000|100%| O|  |TAMS 0x0000000085300000, 0x0000000085300000| Untracked 
|  21|0x0000000085300000, 0x00000000853ffff0, 0x0000000085400000| 99%| O|  |TAMS 0x00000000853ffff0, 0x00000000853ffff0| Untracked 
|  22|0x0000000085400000, 0x00000000854ffff0, 0x0000000085500000| 99%| O|  |TAMS 0x00000000854ffff0, 0x00000000854ffff0| Untracked 
|  23|0x0000000085500000, 0x00000000855ffff8, 0x0000000085600000| 99%| O|  |TAMS 0x0000000085500000, 0x00000000855ffff8| Untracked 
|  24|0x0000000085600000, 0x0000000085700000, 0x0000000085700000|100%| O|  |TAMS 0x0000000085600000, 0x0000000085700000| Untracked 
|  25|0x0000000085700000, 0x00000000857ffff0, 0x0000000085800000| 99%| O|  |TAMS 0x0000000085700000, 0x00000000857ffff0| Untracked 
|  26|0x0000000085800000, 0x00000000858ffff8, 0x0000000085900000| 99%| O|  |TAMS 0x0000000085800000, 0x00000000858ffff8| Untracked 
|  27|0x0000000085900000, 0x00000000859d3d78, 0x0000000085a00000| 82%| O|  |TAMS 0x0000000085900000, 0x00000000859d3d78| Untracked 
|  28|0x0000000085a00000, 0x0000000085acb600, 0x0000000085b00000| 79%| O|  |TAMS 0x0000000085a00000, 0x0000000085acb600| Untracked 
|  29|0x0000000085b00000, 0x0000000085b8ffc8, 0x0000000085c00000| 56%| O|  |TAMS 0x0000000085b00000, 0x0000000085b8ffc8| Untracked 
|  30|0x0000000085c00000, 0x0000000085c69500, 0x0000000085d00000| 41%| O|  |TAMS 0x0000000085c00000, 0x0000000085c69500| Untracked 
|  31|0x0000000085d00000, 0x0000000085dd6020, 0x0000000085e00000| 83%| O|  |TAMS 0x0000000085d00000, 0x0000000085dd6020| Untracked 
|  32|0x0000000085e00000, 0x0000000085e00000, 0x0000000085f00000|  0%| F|  |TAMS 0x0000000085e00000, 0x0000000085e00000| Untracked 
|  33|0x0000000085f00000, 0x0000000085f00000, 0x0000000086000000|  0%| F|  |TAMS 0x0000000085f00000, 0x0000000085f00000| Untracked 
|  34|0x0000000086000000, 0x0000000086000000, 0x0000000086100000|  0%| F|  |TAMS 0x0000000086000000, 0x0000000086000000| Untracked 
|  35|0x0000000086100000, 0x0000000086100000, 0x0000000086200000|  0%| F|  |TAMS 0x0000000086100000, 0x0000000086100000| Untracked 
|  36|0x0000000086200000, 0x0000000086200000, 0x0000000086300000|  0%| F|  |TAMS 0x0000000086200000, 0x0000000086200000| Untracked 
|  37|0x0000000086300000, 0x0000000086300000, 0x0000000086400000|  0%| F|  |TAMS 0x0000000086300000, 0x0000000086300000| Untracked 
|  38|0x0000000086400000, 0x0000000086400000, 0x0000000086500000|  0%| F|  |TAMS 0x0000000086400000, 0x0000000086400000| Untracked 
|  39|0x0000000086500000, 0x0000000086500000, 0x0000000086600000|  0%| F|  |TAMS 0x0000000086500000, 0x0000000086500000| Untracked 
|  40|0x0000000086600000, 0x0000000086600000, 0x0000000086700000|  0%| F|  |TAMS 0x0000000086600000, 0x0000000086600000| Untracked 
|  41|0x0000000086700000, 0x0000000086700000, 0x0000000086800000|  0%| F|  |TAMS 0x0000000086700000, 0x0000000086700000| Untracked 
|  42|0x0000000086800000, 0x0000000086800000, 0x0000000086900000|  0%| F|  |TAMS 0x0000000086800000, 0x0000000086800000| Untracked 
|  43|0x0000000086900000, 0x0000000086900000, 0x0000000086a00000|  0%| F|  |TAMS 0x0000000086900000, 0x0000000086900000| Untracked 
|  44|0x0000000086a00000, 0x0000000086a00000, 0x0000000086b00000|  0%| F|  |TAMS 0x0000000086a00000, 0x0000000086a00000| Untracked 
|  45|0x0000000086b00000, 0x0000000086b00000, 0x0000000086c00000|  0%| F|  |TAMS 0x0000000086b00000, 0x0000000086b00000| Untracked 
|  46|0x0000000086c00000, 0x0000000086c00000, 0x0000000086d00000|  0%| F|  |TAMS 0x0000000086c00000, 0x0000000086c00000| Untracked 
|  47|0x0000000086d00000, 0x0000000086d34b30, 0x0000000086e00000| 20%| S|CS|TAMS 0x0000000086d00000, 0x0000000086d00000| Complete 
|  48|0x0000000086e00000, 0x0000000086f00000, 0x0000000086f00000|100%| S|CS|TAMS 0x0000000086e00000, 0x0000000086e00000| Complete 
|  49|0x0000000086f00000, 0x0000000087000000, 0x0000000087000000|100%| S|CS|TAMS 0x0000000086f00000, 0x0000000086f00000| Complete 
|  50|0x0000000087000000, 0x0000000087100000, 0x0000000087100000|100%| S|CS|TAMS 0x0000000087000000, 0x0000000087000000| Complete 
|  51|0x0000000087100000, 0x0000000087200000, 0x0000000087200000|100%| S|CS|TAMS 0x0000000087100000, 0x0000000087100000| Complete 
|  52|0x0000000087200000, 0x0000000087200000, 0x0000000087300000|  0%| F|  |TAMS 0x0000000087200000, 0x0000000087200000| Untracked 
|  53|0x0000000087300000, 0x0000000087300000, 0x0000000087400000|  0%| F|  |TAMS 0x0000000087300000, 0x0000000087300000| Untracked 
|  54|0x0000000087400000, 0x0000000087400000, 0x0000000087500000|  0%| F|  |TAMS 0x0000000087400000, 0x0000000087400000| Untracked 
|  55|0x0000000087500000, 0x0000000087500000, 0x0000000087600000|  0%| F|  |TAMS 0x0000000087500000, 0x0000000087500000| Untracked 
|  56|0x0000000087600000, 0x0000000087600000, 0x0000000087700000|  0%| F|  |TAMS 0x0000000087600000, 0x0000000087600000| Untracked 
|  57|0x0000000087700000, 0x0000000087700000, 0x0000000087800000|  0%| F|  |TAMS 0x0000000087700000, 0x0000000087700000| Untracked 
|  58|0x0000000087800000, 0x0000000087800000, 0x0000000087900000|  0%| F|  |TAMS 0x0000000087800000, 0x0000000087800000| Untracked 
|  59|0x0000000087900000, 0x0000000087900000, 0x0000000087a00000|  0%| F|  |TAMS 0x0000000087900000, 0x0000000087900000| Untracked 
|  60|0x0000000087a00000, 0x0000000087a00000, 0x0000000087b00000|  0%| F|  |TAMS 0x0000000087a00000, 0x0000000087a00000| Untracked 
|  61|0x0000000087b00000, 0x0000000087b00000, 0x0000000087c00000|  0%| F|  |TAMS 0x0000000087b00000, 0x0000000087b00000| Untracked 
|  62|0x0000000087c00000, 0x0000000087c00000, 0x0000000087d00000|  0%| F|  |TAMS 0x0000000087c00000, 0x0000000087c00000| Untracked 
|  63|0x0000000087d00000, 0x0000000087d00000, 0x0000000087e00000|  0%| F|  |TAMS 0x0000000087d00000, 0x0000000087d00000| Untracked 
|  64|0x0000000087e00000, 0x0000000087e00000, 0x0000000087f00000|  0%| F|  |TAMS 0x0000000087e00000, 0x0000000087e00000| Untracked 
|  65|0x0000000087f00000, 0x0000000087f00000, 0x0000000088000000|  0%| F|  |TAMS 0x0000000087f00000, 0x0000000087f00000| Untracked 
|  66|0x0000000088000000, 0x0000000088000000, 0x0000000088100000|  0%| F|  |TAMS 0x0000000088000000, 0x0000000088000000| Untracked 
|  67|0x0000000088100000, 0x0000000088100000, 0x0000000088200000|  0%| F|  |TAMS 0x0000000088100000, 0x0000000088100000| Untracked 
|  68|0x0000000088200000, 0x0000000088200000, 0x0000000088300000|  0%| F|  |TAMS 0x0000000088200000, 0x0000000088200000| Untracked 
|  69|0x0000000088300000, 0x0000000088300000, 0x0000000088400000|  0%| F|  |TAMS 0x0000000088300000, 0x0000000088300000| Untracked 
|  70|0x0000000088400000, 0x0000000088400000, 0x0000000088500000|  0%| F|  |TAMS 0x0000000088400000, 0x0000000088400000| Untracked 
|  71|0x0000000088500000, 0x0000000088500000, 0x0000000088600000|  0%| F|  |TAMS 0x0000000088500000, 0x0000000088500000| Untracked 
|  72|0x0000000088600000, 0x0000000088600000, 0x0000000088700000|  0%| F|  |TAMS 0x0000000088600000, 0x0000000088600000| Untracked 
|  73|0x0000000088700000, 0x0000000088700000, 0x0000000088800000|  0%| F|  |TAMS 0x0000000088700000, 0x0000000088700000| Untracked 
|  74|0x0000000088800000, 0x0000000088800000, 0x0000000088900000|  0%| F|  |TAMS 0x0000000088800000, 0x0000000088800000| Untracked 
|  75|0x0000000088900000, 0x0000000088900000, 0x0000000088a00000|  0%| F|  |TAMS 0x0000000088900000, 0x0000000088900000| Untracked 
|  76|0x0000000088a00000, 0x0000000088a00000, 0x0000000088b00000|  0%| F|  |TAMS 0x0000000088a00000, 0x0000000088a00000| Untracked 
|  77|0x0000000088b00000, 0x0000000088b00000, 0x0000000088c00000|  0%| F|  |TAMS 0x0000000088b00000, 0x0000000088b00000| Untracked 
|  78|0x0000000088c00000, 0x0000000088c00000, 0x0000000088d00000|  0%| F|  |TAMS 0x0000000088c00000, 0x0000000088c00000| Untracked 
|  79|0x0000000088d00000, 0x0000000088d00000, 0x0000000088e00000|  0%| F|  |TAMS 0x0000000088d00000, 0x0000000088d00000| Untracked 
|  80|0x0000000088e00000, 0x0000000088e00000, 0x0000000088f00000|  0%| F|  |TAMS 0x0000000088e00000, 0x0000000088e00000| Untracked 
|  81|0x0000000088f00000, 0x0000000088f00000, 0x0000000089000000|  0%| F|  |TAMS 0x0000000088f00000, 0x0000000088f00000| Untracked 
|  82|0x0000000089000000, 0x0000000089000000, 0x0000000089100000|  0%| F|  |TAMS 0x0000000089000000, 0x0000000089000000| Untracked 
|  83|0x0000000089100000, 0x0000000089100000, 0x0000000089200000|  0%| F|  |TAMS 0x0000000089100000, 0x0000000089100000| Untracked 
|  84|0x0000000089200000, 0x0000000089200000, 0x0000000089300000|  0%| F|  |TAMS 0x0000000089200000, 0x0000000089200000| Untracked 
|  85|0x0000000089300000, 0x0000000089300000, 0x0000000089400000|  0%| F|  |TAMS 0x0000000089300000, 0x0000000089300000| Untracked 
|  86|0x0000000089400000, 0x0000000089400000, 0x0000000089500000|  0%| F|  |TAMS 0x0000000089400000, 0x0000000089400000| Untracked 
|  87|0x0000000089500000, 0x0000000089500000, 0x0000000089600000|  0%| F|  |TAMS 0x0000000089500000, 0x0000000089500000| Untracked 
|  88|0x0000000089600000, 0x0000000089600000, 0x0000000089700000|  0%| F|  |TAMS 0x0000000089600000, 0x0000000089600000| Untracked 
|  89|0x0000000089700000, 0x0000000089700000, 0x0000000089800000|  0%| F|  |TAMS 0x0000000089700000, 0x0000000089700000| Untracked 
|  90|0x0000000089800000, 0x0000000089800000, 0x0000000089900000|  0%| F|  |TAMS 0x0000000089800000, 0x0000000089800000| Untracked 
|  91|0x0000000089900000, 0x0000000089900000, 0x0000000089a00000|  0%| F|  |TAMS 0x0000000089900000, 0x0000000089900000| Untracked 
|  92|0x0000000089a00000, 0x0000000089a00000, 0x0000000089b00000|  0%| F|  |TAMS 0x0000000089a00000, 0x0000000089a00000| Untracked 
|  93|0x0000000089b00000, 0x0000000089b00000, 0x0000000089c00000|  0%| F|  |TAMS 0x0000000089b00000, 0x0000000089b00000| Untracked 
|  94|0x0000000089c00000, 0x0000000089c00000, 0x0000000089d00000|  0%| F|  |TAMS 0x0000000089c00000, 0x0000000089c00000| Untracked 
|  95|0x0000000089d00000, 0x0000000089d00000, 0x0000000089e00000|  0%| F|  |TAMS 0x0000000089d00000, 0x0000000089d00000| Untracked 
|  96|0x0000000089e00000, 0x0000000089e00000, 0x0000000089f00000|  0%| F|  |TAMS 0x0000000089e00000, 0x0000000089e00000| Untracked 
|  97|0x0000000089f00000, 0x0000000089f00000, 0x000000008a000000|  0%| F|  |TAMS 0x0000000089f00000, 0x0000000089f00000| Untracked 
|  98|0x000000008a000000, 0x000000008a000000, 0x000000008a100000|  0%| F|  |TAMS 0x000000008a000000, 0x000000008a000000| Untracked 
|  99|0x000000008a100000, 0x000000008a100000, 0x000000008a200000|  0%| F|  |TAMS 0x000000008a100000, 0x000000008a100000| Untracked 
| 100|0x000000008a200000, 0x000000008a200000, 0x000000008a300000|  0%| F|  |TAMS 0x000000008a200000, 0x000000008a200000| Untracked 
| 101|0x000000008a300000, 0x000000008a300000, 0x000000008a400000|  0%| F|  |TAMS 0x000000008a300000, 0x000000008a300000| Untracked 
| 102|0x000000008a400000, 0x000000008a400000, 0x000000008a500000|  0%| F|  |TAMS 0x000000008a400000, 0x000000008a400000| Untracked 
| 103|0x000000008a500000, 0x000000008a500000, 0x000000008a600000|  0%| F|  |TAMS 0x000000008a500000, 0x000000008a500000| Untracked 
| 104|0x000000008a600000, 0x000000008a600000, 0x000000008a700000|  0%| F|  |TAMS 0x000000008a600000, 0x000000008a600000| Untracked 
| 105|0x000000008a700000, 0x000000008a700000, 0x000000008a800000|  0%| F|  |TAMS 0x000000008a700000, 0x000000008a700000| Untracked 
| 106|0x000000008a800000, 0x000000008a800000, 0x000000008a900000|  0%| F|  |TAMS 0x000000008a800000, 0x000000008a800000| Untracked 

Card table byte_map: [0x00000256a7940000,0x00000256a7d30000] _byte_map_base: 0x00000256a7521000

Marking Bits (Prev, Next): (CMBitMap*) 0x000002568e422be0, (CMBitMap*) 0x000002568e422c20
 Prev Bits: [0x00000256a8120000, 0x00000256aa028000)
 Next Bits: [0x00000256aa030000, 0x00000256abf38000)

Polling page: 0x0000025697ab0000

Metaspace:

Usage:
  Non-class:     70.86 MB used.
      Class:      9.02 MB used.
       Both:     79.89 MB used.

Virtual space:
  Non-class space:      128.00 MB reserved,      71.19 MB ( 56%) committed,  2 nodes.
      Class space:        1.00 GB reserved,       9.31 MB ( <1%) committed,  1 nodes.
             Both:        1.12 GB reserved,      80.50 MB (  7%) committed. 

Chunk freelists:
   Non-Class:  608.00 KB
       Class:  2.75 MB
        Both:  3.34 MB

MaxMetaspaceSize: unlimited
CompressedClassSpaceSize: 1.00 GB
Initial GC threshold: 21.00 MB
Current GC threshold: 132.81 MB
CDS: on
MetaspaceReclaimPolicy: balanced
 - commit_granule_bytes: 65536.
 - commit_granule_words: 8192.
 - virtual_space_node_default_size: 8388608.
 - enlarge_chunks_in_place: 1.
 - new_chunks_are_fully_committed: 0.
 - uncommit_free_chunks: 1.
 - use_allocation_guard: 0.


Internal statistics:

num_allocs_failed_limit: 6.
num_arena_births: 1060.
num_arena_deaths: 384.
num_vsnodes_births: 3.
num_vsnodes_deaths: 0.
num_space_committed: 1288.
num_space_uncommitted: 0.
num_chunks_returned_to_freelist: 441.
num_chunks_taken_from_freelist: 4521.
num_chunk_merges: 104.
num_chunk_splits: 2846.
num_chunks_enlarged: 2108.
num_inconsistent_stats: 0.

CodeHeap 'non-profiled nmethods': size=120000Kb used=10243Kb max_used=10243Kb free=109756Kb
 bounds [0x000002569f5a0000, 0x000002569ffb0000, 0x00000256a6ad0000]
CodeHeap 'profiled nmethods': size=120000Kb used=29584Kb max_used=29584Kb free=90415Kb
 bounds [0x0000025697ad0000, 0x00000256997c0000, 0x000002569f000000]
CodeHeap 'non-nmethods': size=5760Kb used=1504Kb max_used=1576Kb free=4255Kb
 bounds [0x000002569f000000, 0x000002569f270000, 0x000002569f5a0000]
 total_blobs=13496 nmethods=12825 adapters=580
 compilation: enabled
              stopped_count=0, restarted_count=0
 full_count=0

Compilation events (20 events):
Event: 2825.085 Thread 0x00000256b2c19b90 15155       3       org.hibernate.service.internal.AbstractServiceRegistryImpl::locateServiceBinding (231 bytes)
Event: 2825.087 Thread 0x00000256b2c19b90 nmethod 15155 0x00000256997b0790 code [0x00000256997b0b20, 0x00000256997b22c8]
Event: 2825.092 Thread 0x00000256b2c19b90 15156       3       org.hibernate.annotations.common.reflection.java.JavaReflectionManager$$Lambda$786/0x0000000801481dc0::createInstance (13 bytes)
Event: 2825.092 Thread 0x00000256b2c19b90 nmethod 15156 0x00000256997b2a10 code [0x00000256997b2bc0, 0x00000256997b2e28]
Event: 2825.092 Thread 0x00000256b2c19b90 15157       3       org.hibernate.annotations.common.reflection.java.JavaReflectionManager::javaXClassConstruction (15 bytes)
Event: 2825.094 Thread 0x00000256b2c19b90 nmethod 15157 0x00000256997b2f10 code [0x00000256997b31a0, 0x00000256997b3de8]
Event: 2825.114 Thread 0x00000256b2c19b90 15158       3       org.hibernate.annotations.common.reflection.java.JavaXClass::isPrimitive (8 bytes)
Event: 2825.114 Thread 0x00000256b2c19b90 nmethod 15158 0x00000256997b4290 code [0x00000256997b4420, 0x00000256997b4578]
Event: 2825.120 Thread 0x00000256b2c19b90 15159       1       org.hibernate.mapping.SimpleValue::setCascadeDeleteEnabled (6 bytes)
Event: 2825.121 Thread 0x00000256b2c19b90 nmethod 15159 0x000002569ff9fa90 code [0x000002569ff9fc20, 0x000002569ff9fcf8]
Event: 2825.121 Thread 0x00000256b2c19b90 15160       1       org.hibernate.boot.internal.MetadataBuilderImpl$MetadataBuildingOptionsImpl::isNoConstraintByDefault (5 bytes)
Event: 2825.121 Thread 0x00000256b2c19b90 nmethod 15160 0x000002569ff9fd90 code [0x000002569ff9ff20, 0x000002569ff9fff8]
Event: 2825.121 Thread 0x00000256b2c19b90 15161       1       org.hibernate.mapping.SimpleValue::setForeignKeyName (6 bytes)
Event: 2825.121 Thread 0x00000256b2c19b90 nmethod 15161 0x000002569ffa0090 code [0x000002569ffa0220, 0x000002569ffa0338]
Event: 2825.121 Thread 0x00000256b2c19b90 15162       1       org.hibernate.cfg.annotations.PropertyBinder::setInsertable (6 bytes)
Event: 2825.121 Thread 0x00000256b2c19b90 nmethod 15162 0x000002569ffa0390 code [0x000002569ffa0520, 0x000002569ffa05f8]
Event: 2825.121 Thread 0x00000256b2c19b90 15163       1       org.hibernate.cfg.annotations.PropertyBinder::setUpdatable (6 bytes)
Event: 2825.121 Thread 0x00000256b2c19b90 nmethod 15163 0x000002569ffa0690 code [0x000002569ffa0820, 0x000002569ffa08f8]
Event: 2825.121 Thread 0x00000256b2c19b90 15164       1       org.hibernate.cfg.annotations.PropertyBinder::setCascade (6 bytes)
Event: 2825.121 Thread 0x00000256b2c19b90 nmethod 15164 0x000002569ffa0990 code [0x000002569ffa0b20, 0x000002569ffa0c38]

GC Heap History (20 events):
Event: 2732.016 GC heap after
{Heap after GC invocations=77 (full 3):
 garbage-first heap   total 307200K, used 40063K [0x0000000083e00000, 0x0000000100000000)
  region size 1024K, 3 young (3072K), 3 survivors (3072K)
 Metaspace       used 78116K, committed 78656K, reserved 1179648K
  class space    used 8992K, committed 9216K, reserved 1048576K
}
Event: 2805.415 GC heap before
{Heap before GC invocations=78 (full 3):
 garbage-first heap   total 194560K, used 114815K [0x0000000083e00000, 0x0000000100000000)
  region size 1024K, 77 young (78848K), 3 survivors (3072K)
 Metaspace       used 78434K, committed 78976K, reserved 1179648K
  class space    used 9004K, committed 9280K, reserved 1048576K
}
Event: 2805.982 GC heap after
{Heap after GC invocations=79 (full 4):
 garbage-first heap   total 109568K, used 29711K [0x0000000083e00000, 0x0000000100000000)
  region size 1024K, 0 young (0K), 0 survivors (0K)
 Metaspace       used 78414K, committed 78976K, reserved 1179648K
  class space    used 9001K, committed 9280K, reserved 1048576K
}
Event: 2811.404 GC heap before
{Heap before GC invocations=79 (full 4):
 garbage-first heap   total 109568K, used 86031K [0x0000000083e00000, 0x0000000100000000)
  region size 1024K, 55 young (56320K), 0 survivors (0K)
 Metaspace       used 79159K, committed 79744K, reserved 1179648K
  class space    used 9068K, committed 9344K, reserved 1048576K
}
Event: 2811.434 GC heap after
{Heap after GC invocations=80 (full 4):
 garbage-first heap   total 109568K, used 33953K [0x0000000083e00000, 0x0000000100000000)
  region size 1024K, 5 young (5120K), 5 survivors (5120K)
 Metaspace       used 79159K, committed 79744K, reserved 1179648K
  class space    used 9068K, committed 9344K, reserved 1048576K
}
Event: 2813.830 GC heap before
{Heap before GC invocations=81 (full 4):
 garbage-first heap   total 109568K, used 85153K [0x0000000083e00000, 0x0000000100000000)
  region size 1024K, 55 young (56320K), 5 survivors (5120K)
 Metaspace       used 79815K, committed 80320K, reserved 1179648K
  class space    used 9106K, committed 9344K, reserved 1048576K
}
Event: 2813.867 GC heap after
{Heap after GC invocations=82 (full 4):
 garbage-first heap   total 109568K, used 36312K [0x0000000083e00000, 0x0000000100000000)
  region size 1024K, 3 young (3072K), 3 survivors (3072K)
 Metaspace       used 79815K, committed 80320K, reserved 1179648K
  class space    used 9106K, committed 9344K, reserved 1048576K
}
Event: 2813.873 GC heap before
{Heap before GC invocations=82 (full 4):
 garbage-first heap   total 109568K, used 38360K [0x0000000083e00000, 0x0000000100000000)
  region size 1024K, 5 young (5120K), 3 survivors (3072K)
 Metaspace       used 79815K, committed 80320K, reserved 1179648K
  class space    used 9106K, committed 9344K, reserved 1048576K
}
Event: 2813.884 GC heap after
{Heap after GC invocations=83 (full 4):
 garbage-first heap   total 109568K, used 36494K [0x0000000083e00000, 0x0000000100000000)
  region size 1024K, 1 young (1024K), 1 survivors (1024K)
 Metaspace       used 79815K, committed 80320K, reserved 1179648K
  class space    used 9106K, committed 9344K, reserved 1048576K
}
Event: 2815.009 GC heap before
{Heap before GC invocations=83 (full 4):
 garbage-first heap   total 109568K, used 86670K [0x0000000083e00000, 0x0000000100000000)
  region size 1024K, 50 young (51200K), 1 survivors (1024K)
 Metaspace       used 80161K, committed 80704K, reserved 1179648K
  class space    used 9124K, committed 9408K, reserved 1048576K
}
Event: 2815.011 GC heap after
{Heap after GC invocations=84 (full 4):
 garbage-first heap   total 109568K, used 37883K [0x0000000083e00000, 0x0000000100000000)
  region size 1024K, 2 young (2048K), 2 survivors (2048K)
 Metaspace       used 80161K, committed 80704K, reserved 1179648K
  class space    used 9124K, committed 9408K, reserved 1048576K
}
Event: 2818.073 GC heap before
{Heap before GC invocations=85 (full 4):
 garbage-first heap   total 109568K, used 87035K [0x0000000083e00000, 0x0000000100000000)
  region size 1024K, 50 young (51200K), 2 survivors (2048K)
 Metaspace       used 80491K, committed 81024K, reserved 1179648K
  class space    used 9145K, committed 9408K, reserved 1048576K
}
Event: 2818.078 GC heap after
{Heap after GC invocations=86 (full 4):
 garbage-first heap   total 109568K, used 40081K [0x0000000083e00000, 0x0000000100000000)
  region size 1024K, 4 young (4096K), 4 survivors (4096K)
 Metaspace       used 80491K, committed 81024K, reserved 1179648K
  class space    used 9145K, committed 9408K, reserved 1048576K
}
Event: 2818.111 GC heap before
{Heap before GC invocations=86 (full 4):
 garbage-first heap   total 109568K, used 41105K [0x0000000083e00000, 0x0000000100000000)
  region size 1024K, 5 young (5120K), 4 survivors (4096K)
 Metaspace       used 80568K, committed 81088K, reserved 1179648K
  class space    used 9150K, committed 9408K, reserved 1048576K
}
Event: 2818.149 GC heap after
{Heap after GC invocations=87 (full 4):
 garbage-first heap   total 109568K, used 40451K [0x0000000083e00000, 0x0000000100000000)
  region size 1024K, 1 young (1024K), 1 survivors (1024K)
 Metaspace       used 80568K, committed 81088K, reserved 1179648K
  class space    used 9150K, committed 9408K, reserved 1048576K
}
Event: 2819.157 GC heap before
{Heap before GC invocations=87 (full 4):
 garbage-first heap   total 109568K, used 88579K [0x0000000083e00000, 0x0000000100000000)
  region size 1024K, 48 young (49152K), 1 survivors (1024K)
 Metaspace       used 80831K, committed 81344K, reserved 1179648K
  class space    used 9164K, committed 9408K, reserved 1048576K
}
Event: 2819.183 GC heap after
{Heap after GC invocations=88 (full 4):
 garbage-first heap   total 109568K, used 41537K [0x0000000083e00000, 0x0000000100000000)
  region size 1024K, 2 young (2048K), 2 survivors (2048K)
 Metaspace       used 80831K, committed 81344K, reserved 1179648K
  class space    used 9164K, committed 9408K, reserved 1048576K
}
Event: 2822.703 GC heap before
{Heap before GC invocations=89 (full 4):
 garbage-first heap   total 109568K, used 86593K [0x0000000083e00000, 0x0000000100000000)
  region size 1024K, 47 young (48128K), 2 survivors (2048K)
 Metaspace       used 81100K, committed 81600K, reserved 1179648K
  class space    used 9177K, committed 9408K, reserved 1048576K
}
Event: 2822.793 GC heap after
{Heap after GC invocations=90 (full 5):
 garbage-first heap   total 109568K, used 31161K [0x0000000083e00000, 0x0000000100000000)
  region size 1024K, 0 young (0K), 0 survivors (0K)
 Metaspace       used 81081K, committed 81600K, reserved 1179648K
  class space    used 9174K, committed 9408K, reserved 1048576K
}
Event: 2825.125 GC heap before
{Heap before GC invocations=90 (full 5):
 garbage-first heap   total 109568K, used 87481K [0x0000000083e00000, 0x0000000100000000)
  region size 1024K, 55 young (56320K), 0 survivors (0K)
 Metaspace       used 81802K, committed 82432K, reserved 1179648K
  class space    used 9239K, committed 9536K, reserved 1048576K
}

Dll operation events (11 events):
Event: 0.193 Loaded shared library D:\Installation\jdk-19.0.2\bin\java.dll
Event: 0.295 Loaded shared library D:\Installation\jdk-19.0.2\bin\jsvml.dll
Event: 1.437 Loaded shared library D:\Installation\jdk-19.0.2\bin\jimage.dll
Event: 1.518 Loaded shared library D:\Installation\jdk-19.0.2\bin\net.dll
Event: 1.604 Loaded shared library D:\Installation\jdk-19.0.2\bin\nio.dll
Event: 1.691 Loaded shared library D:\Installation\jdk-19.0.2\bin\zip.dll
Event: 2.012 Loaded shared library D:\Installation\jdk-19.0.2\bin\management.dll
Event: 2.109 Loaded shared library D:\Installation\jdk-19.0.2\bin\management_ext.dll
Event: 2.866 Loaded shared library D:\Installation\jdk-19.0.2\bin\extnet.dll
Event: 3.331 Loaded shared library D:\Installation\jdk-19.0.2\bin\verify.dll
Event: 11.817 Loaded shared library D:\Installation\jdk-19.0.2\bin\sunmscapi.dll

Deoptimization events (20 events):
Event: 2825.100 Thread 0x00000256b457c060 DEOPT PACKING pc=0x000002569fee0f20 sp=0x00000085564fcb90
Event: 2825.100 Thread 0x00000256b457c060 DEOPT UNPACKING pc=0x000002569f06b0e3 sp=0x00000085564fc050 mode 1
Event: 2825.101 Thread 0x00000256b457c060 DEOPT PACKING pc=0x000002569fee0f20 sp=0x00000085564fcb90
Event: 2825.101 Thread 0x00000256b457c060 DEOPT UNPACKING pc=0x000002569f06b0e3 sp=0x00000085564fc050 mode 1
Event: 2825.101 Thread 0x00000256b457c060 DEOPT PACKING pc=0x000002569fee0f20 sp=0x00000085564fc900
Event: 2825.101 Thread 0x00000256b457c060 DEOPT UNPACKING pc=0x000002569f06b0e3 sp=0x00000085564fbdc0 mode 1
Event: 2825.102 Thread 0x00000256b457c060 DEOPT PACKING pc=0x000002569fee0f20 sp=0x00000085564fcb00
Event: 2825.102 Thread 0x00000256b457c060 DEOPT UNPACKING pc=0x000002569f06b0e3 sp=0x00000085564fbfc0 mode 1
Event: 2825.111 Thread 0x00000256b457c060 DEOPT PACKING pc=0x000002569fee0f20 sp=0x00000085564fcb00
Event: 2825.111 Thread 0x00000256b457c060 DEOPT UNPACKING pc=0x000002569f06b0e3 sp=0x00000085564fbfc0 mode 1
Event: 2825.113 Thread 0x00000256b457c060 DEOPT PACKING pc=0x000002569fee0f20 sp=0x00000085564fcb00
Event: 2825.113 Thread 0x00000256b457c060 DEOPT UNPACKING pc=0x000002569f06b0e3 sp=0x00000085564fbfc0 mode 1
Event: 2825.113 Thread 0x00000256b457c060 DEOPT PACKING pc=0x000002569fee0f20 sp=0x00000085564fcb00
Event: 2825.113 Thread 0x00000256b457c060 DEOPT UNPACKING pc=0x000002569f06b0e3 sp=0x00000085564fbfc0 mode 1
Event: 2825.123 Thread 0x00000256b457c060 DEOPT PACKING pc=0x000002569fee0f20 sp=0x00000085564fcb00
Event: 2825.123 Thread 0x00000256b457c060 DEOPT UNPACKING pc=0x000002569f06b0e3 sp=0x00000085564fbfc0 mode 1
Event: 2825.124 Thread 0x00000256b457c060 DEOPT PACKING pc=0x000002569fee0f20 sp=0x00000085564fc700
Event: 2825.124 Thread 0x00000256b457c060 DEOPT UNPACKING pc=0x000002569f06b0e3 sp=0x00000085564fbbc0 mode 1
Event: 2825.124 Thread 0x00000256b457c060 DEOPT PACKING pc=0x000002569fee0f20 sp=0x00000085564fc870
Event: 2825.124 Thread 0x00000256b457c060 DEOPT UNPACKING pc=0x000002569f06b0e3 sp=0x00000085564fbd30 mode 1

Classes loaded (20 events):
Event: 2820.363 Loading class java/lang/ObjectCustomizer
Event: 2820.363 Loading class java/lang/ObjectCustomizer done
Event: 2820.363 Loading class java/lang/ObjectCustomizer
Event: 2820.363 Loading class java/lang/ObjectCustomizer done
Event: 2820.585 Loading class java/lang/ObjectCustomizer
Event: 2820.585 Loading class java/lang/ObjectCustomizer done
Event: 2820.585 Loading class java/lang/ObjectCustomizer
Event: 2820.585 Loading class java/lang/ObjectCustomizer done
Event: 2822.890 Loading class java/lang/ObjectCustomizer
Event: 2822.890 Loading class java/lang/ObjectCustomizer done
Event: 2822.890 Loading class java/lang/ObjectCustomizer
Event: 2822.890 Loading class java/lang/ObjectCustomizer done
Event: 2824.376 Loading class java/lang/ObjectCustomizer
Event: 2824.376 Loading class java/lang/ObjectCustomizer done
Event: 2824.376 Loading class java/lang/ObjectCustomizer
Event: 2824.376 Loading class java/lang/ObjectCustomizer done
Event: 2824.403 Loading class java/lang/ObjectCustomizer
Event: 2824.403 Loading class java/lang/ObjectCustomizer done
Event: 2824.403 Loading class java/lang/ObjectCustomizer
Event: 2824.403 Loading class java/lang/ObjectCustomizer done

Classes unloaded (20 events):
Event: 2724.881 Thread 0x00000256ae3d6690 Unloading class 0x00000008018d5400 'jdk/internal/reflect/GeneratedSerializationConstructorAccessor21'
Event: 2724.881 Thread 0x00000256ae3d6690 Unloading class 0x00000008018ccc00 'jdk/internal/reflect/GeneratedSerializationConstructorAccessor20'
Event: 2724.881 Thread 0x00000256ae3d6690 Unloading class 0x00000008018cc800 'jdk/internal/reflect/GeneratedSerializationConstructorAccessor19'
Event: 2724.881 Thread 0x00000256ae3d6690 Unloading class 0x00000008018cc400 'jdk/internal/reflect/GeneratedSerializationConstructorAccessor18'
Event: 2724.881 Thread 0x00000256ae3d6690 Unloading class 0x00000008018c4400 'jdk/internal/reflect/GeneratedSerializationConstructorAccessor17'
Event: 2724.881 Thread 0x00000256ae3d6690 Unloading class 0x00000008018a1000 'org/apache/catalina/loader/JdbcLeakPrevention'
Event: 2732.073 Thread 0x00000256ae3d6690 Unloading class 0x00000008018ec400 'jdk/internal/reflect/GeneratedSerializationConstructorAccessor22'
Event: 2805.599 Thread 0x00000256ae3d6690 Unloading class 0x00000008018ec400 'jdk/internal/reflect/GeneratedSerializationConstructorAccessor27'
Event: 2805.600 Thread 0x00000256ae3d6690 Unloading class 0x00000008018f9400 'jdk/internal/reflect/GeneratedSerializationConstructorAccessor26'
Event: 2805.600 Thread 0x00000256ae3d6690 Unloading class 0x00000008018f9000 'jdk/internal/reflect/GeneratedSerializationConstructorAccessor25'
Event: 2805.600 Thread 0x00000256ae3d6690 Unloading class 0x00000008018f8c00 'jdk/internal/reflect/GeneratedSerializationConstructorAccessor24'
Event: 2805.600 Thread 0x00000256ae3d6690 Unloading class 0x00000008018f8800 'jdk/internal/reflect/GeneratedSerializationConstructorAccessor23'
Event: 2805.600 Thread 0x00000256ae3d6690 Unloading class 0x00000008018d5c00 'org/apache/catalina/loader/JdbcLeakPrevention'
Event: 2819.252 Thread 0x00000256ae3d6690 Unloading class 0x000000080191c800 'jdk/internal/reflect/GeneratedSerializationConstructorAccessor28'
Event: 2822.722 Thread 0x00000256ae3d6690 Unloading class 0x000000080191c800 'jdk/internal/reflect/GeneratedSerializationConstructorAccessor33'
Event: 2822.722 Thread 0x00000256ae3d6690 Unloading class 0x0000000801928c00 'jdk/internal/reflect/GeneratedSerializationConstructorAccessor32'
Event: 2822.722 Thread 0x00000256ae3d6690 Unloading class 0x0000000801928800 'jdk/internal/reflect/GeneratedSerializationConstructorAccessor31'
Event: 2822.722 Thread 0x00000256ae3d6690 Unloading class 0x0000000801928400 'jdk/internal/reflect/GeneratedSerializationConstructorAccessor30'
Event: 2822.722 Thread 0x00000256ae3d6690 Unloading class 0x0000000801928000 'jdk/internal/reflect/GeneratedSerializationConstructorAccessor29'
Event: 2822.722 Thread 0x00000256ae3d6690 Unloading class 0x0000000801904000 'org/apache/catalina/loader/JdbcLeakPrevention'

Classes redefined (0 events):
No events

Internal exceptions (20 events):
Event: 2824.383 Thread 0x00000256b457c060 Exception <a 'java/lang/ClassNotFoundException'{0x0000000088110a10}: org/springframework/aop/aspectj/annotation/AnnotationAwareAspectJAutoProxyCreatorCustomizer> (0x0000000088110a10) 
thrown [s\open\src\hotspot\share\classfile\systemDictionary.cpp, line 255]
Event: 2824.384 Thread 0x00000256b457c060 Exception <a 'java/lang/ClassNotFoundException'{0x0000000088128c00}: org/springframework/beans/factory/config/SmartInstantiationAwareBeanPostProcessorCustomizer> (0x0000000088128c00) 
thrown [s\open\src\hotspot\share\classfile\systemDictionary.cpp, line 255]
Event: 2824.385 Thread 0x00000256b457c060 Exception <a 'java/lang/ClassNotFoundException'{0x0000000088130d70}: org/springframework/beans/factory/config/InstantiationAwareBeanPostProcessorCustomizer> (0x0000000088130d70) 
thrown [s\open\src\hotspot\share\classfile\systemDictionary.cpp, line 255]
Event: 2824.386 Thread 0x00000256b457c060 Exception <a 'java/lang/ClassNotFoundException'{0x0000000088138688}: org/springframework/beans/factory/config/BeanPostProcessorCustomizer> (0x0000000088138688) 
thrown [s\open\src\hotspot\share\classfile\systemDictionary.cpp, line 255]
Event: 2824.387 Thread 0x00000256b457c060 Exception <a 'java/lang/ClassNotFoundException'{0x000000008813db28}: org/springframework/beans/factory/BeanFactoryAwareCustomizer> (0x000000008813db28) 
thrown [s\open\src\hotspot\share\classfile\systemDictionary.cpp, line 255]
Event: 2824.388 Thread 0x00000256b457c060 Exception <a 'java/lang/ClassNotFoundException'{0x0000000088142e98}: org/springframework/beans/factory/AwareCustomizer> (0x0000000088142e98) 
thrown [s\open\src\hotspot\share\classfile\systemDictionary.cpp, line 255]
Event: 2824.389 Thread 0x00000256b457c060 Exception <a 'java/lang/ClassNotFoundException'{0x0000000088146798}: org/springframework/core/OrderedCustomizer> (0x0000000088146798) 
thrown [s\open\src\hotspot\share\classfile\systemDictionary.cpp, line 255]
Event: 2824.392 Thread 0x00000256b457c060 Exception <a 'java/lang/ClassNotFoundException'{0x000000008814b4d8}: org/springframework/beans/factory/BeanClassLoaderAwareCustomizer> (0x000000008814b4d8) 
thrown [s\open\src\hotspot\share\classfile\systemDictionary.cpp, line 255]
Event: 2824.392 Thread 0x00000256b457c060 Exception <a 'java/lang/ClassNotFoundException'{0x00000000881501a8}: org/springframework/beans/factory/AwareCustomizer> (0x00000000881501a8) 
thrown [s\open\src\hotspot\share\classfile\systemDictionary.cpp, line 255]
Event: 2824.393 Thread 0x00000256b457c060 Exception <a 'java/lang/ClassNotFoundException'{0x0000000088154038}: org/springframework/aop/framework/AopInfrastructureBeanCustomizer> (0x0000000088154038) 
thrown [s\open\src\hotspot\share\classfile\systemDictionary.cpp, line 255]
Event: 2824.404 Thread 0x00000256b457c060 Exception <a 'java/lang/ClassNotFoundException'{0x00000000881e70a8}: java/lang/ObjectCustomizer> (0x00000000881e70a8) 
thrown [s\open\src\hotspot\share\classfile\systemDictionary.cpp, line 255]
Event: 2824.404 Thread 0x00000256b457c060 Exception <a 'java/lang/ClassNotFoundException'{0x00000000881ef4f8}: org/springframework/transaction/annotation/AbstractTransactionManagementConfigurationCustomizer> (0x00000000881ef4f8) 
thrown [s\open\src\hotspot\share\classfile\systemDictionary.cpp, line 255]
Event: 2824.407 Thread 0x00000256b457c060 Exception <a 'java/lang/ClassNotFoundException'{0x00000000881f65f8}: org/springframework/transaction/annotation/ProxyTransactionManagementConfigurationCustomizer> (0x00000000881f65f8) 
thrown [s\open\src\hotspot\share\classfile\systemDictionary.cpp, line 255]
Event: 2824.409 Thread 0x00000256b457c060 Exception <a 'java/lang/ClassNotFoundException'{0x00000000881fe6d8}: org/springframework/context/annotation/ImportAwareCustomizer> (0x00000000881fe6d8) 
thrown [s\open\src\hotspot\share\classfile\systemDictionary.cpp, line 255]
Event: 2824.410 Thread 0x00000256b457c060 Exception <a 'java/lang/ClassNotFoundException'{0x00000000880040a0}: org/springframework/beans/factory/AwareCustomizer> (0x00000000880040a0) 
thrown [s\open\src\hotspot\share\classfile\systemDictionary.cpp, line 255]
Event: 2824.579 Thread 0x00000256b457c060 Exception <a 'sun/nio/fs/WindowsException'{0x0000000087bc5c60}> (0x0000000087bc5c60) 
thrown [s\open\src\hotspot\share\prims\jni.cpp, line 517]
Event: 2824.580 Thread 0x00000256b457c060 Exception <a 'sun/nio/fs/WindowsException'{0x0000000087bc6268}> (0x0000000087bc6268) 
thrown [s\open\src\hotspot\share\prims\jni.cpp, line 517]
Event: 2824.580 Thread 0x00000256b457c060 Exception <a 'sun/nio/fs/WindowsException'{0x0000000087bc6940}> (0x0000000087bc6940) 
thrown [s\open\src\hotspot\share\prims\jni.cpp, line 517]
Event: 2824.636 Thread 0x00000256b457c060 Exception <a 'java/io/FileNotFoundException'{0x0000000087a025d8}> (0x0000000087a025d8) 
thrown [s\open\src\hotspot\share\prims\jni.cpp, line 517]
Event: 2824.718 Thread 0x00000256b457c060 Exception <a 'java/io/FileNotFoundException'{0x000000008784b048}> (0x000000008784b048) 
thrown [s\open\src\hotspot\share\prims\jni.cpp, line 517]

VM Operations (20 events):
Event: 2819.183 Executing VM operation: G1CollectForAllocation done
Event: 2819.252 Executing VM operation: G1PauseRemark
Event: 2819.495 Executing VM operation: G1PauseRemark done
Event: 2819.497 Executing VM operation: Cleanup
Event: 2819.499 Executing VM operation: Cleanup done
Event: 2819.614 Executing VM operation: G1PauseCleanup
Event: 2819.623 Executing VM operation: G1PauseCleanup done
Event: 2820.623 Executing VM operation: Cleanup
Event: 2820.624 Executing VM operation: Cleanup done
Event: 2821.638 Executing VM operation: Cleanup
Event: 2821.638 Executing VM operation: Cleanup done
Event: 2822.702 Executing VM operation: G1CollectFull
Event: 2822.794 Executing VM operation: G1CollectFull done
Event: 2822.794 Executing VM operation: Cleanup
Event: 2822.796 Executing VM operation: Cleanup done
Event: 2823.797 Executing VM operation: Cleanup
Event: 2823.797 Executing VM operation: Cleanup done
Event: 2824.807 Executing VM operation: Cleanup
Event: 2824.807 Executing VM operation: Cleanup done
Event: 2825.124 Executing VM operation: G1CollectForAllocation

Events (20 events):
Event: 2822.687 Thread 0x00000256b4eb9dd0 Thread exited: 0x00000256b4eb9dd0
Event: 2822.687 Thread 0x00000256b4ebcda0 Thread exited: 0x00000256b4ebcda0
Event: 2822.688 Thread 0x00000256b4eb9880 Thread exited: 0x00000256b4eb9880
Event: 2822.688 Thread 0x00000256b4ebe830 Thread exited: 0x00000256b4ebe830
Event: 2822.688 Thread 0x00000256b4ebed80 Thread exited: 0x00000256b4ebed80
Event: 2822.690 Thread 0x00000256b7a7cd20 Thread exited: 0x00000256b7a7cd20
Event: 2822.692 Thread 0x00000256b7a79d50 Thread exited: 0x00000256b7a79d50
Event: 2822.693 Thread 0x00000256b7a7a2a0 Thread exited: 0x00000256b7a7a2a0
Event: 2822.698 Thread 0x00000256b457e590 Thread added: 0x00000256b457e590
Event: 2822.699 Thread 0x00000256b7a7ad40 Thread exited: 0x00000256b7a7ad40
Event: 2822.701 Thread 0x00000256b457e590 Thread exited: 0x00000256b457e590
Event: 2822.795 Thread 0x00000256b457c060 Thread added: 0x00000256b457c060
Event: 2822.796 Thread 0x00000256b457c060 Thread exited: 0x00000256b457c060
Event: 2822.798 Thread 0x00000256b457c060 Thread added: 0x00000256b457c060
Event: 2823.302 Thread 0x00000256b457e590 Thread added: 0x00000256b457e590
Event: 2823.410 Thread 0x00000256b457e590 Thread exited: 0x00000256b457e590
Event: 2824.727 Thread 0x00000256b457cb00 Thread added: 0x00000256b457cb00
Event: 2824.727 Thread 0x00000256b457e590 Thread added: 0x00000256b457e590
Event: 2824.727 Thread 0x00000256b457c5b0 Thread added: 0x00000256b457c5b0
Event: 2825.079 Thread 0x00000256b4ebb310 Thread added: 0x00000256b4ebb310


Dynamic libraries:
0x00007ff7de990000 - 0x00007ff7de9a0000 	D:\Installation\jdk-19.0.2\bin\java.exe
0x00007ffc564e0000 - 0x00007ffc56749000 	C:\WINDOWS\SYSTEM32\ntdll.dll
0x00007ffc54c10000 - 0x00007ffc54cd9000 	C:\WINDOWS\System32\KERNEL32.DLL
0x00007ffc53670000 - 0x00007ffc53a63000 	C:\WINDOWS\System32\KERNELBASE.dll
0x00007ffc50250000 - 0x00007ffc502ee000 	C:\WINDOWS\SYSTEM32\apphelp.dll
0x00007ffc53c80000 - 0x00007ffc53dcb000 	C:\WINDOWS\System32\ucrtbase.dll
0x00007ffc50190000 - 0x00007ffc501a8000 	D:\Installation\jdk-19.0.2\bin\jli.dll
0x00007ffc558d0000 - 0x00007ffc55984000 	C:\WINDOWS\System32\ADVAPI32.dll
0x00007ffc56300000 - 0x00007ffc563a9000 	C:\WINDOWS\System32\msvcrt.dll
0x00007ffc563b0000 - 0x00007ffc56456000 	C:\WINDOWS\System32\sechost.dll
0x00007ffc45570000 - 0x00007ffc4558b000 	D:\Installation\jdk-19.0.2\bin\VCRUNTIME140.dll
0x00007ffc55f70000 - 0x00007ffc56088000 	C:\WINDOWS\System32\RPCRT4.dll
0x00007ffc55990000 - 0x00007ffc55b54000 	C:\WINDOWS\System32\USER32.dll
0x00007ffc37500000 - 0x00007ffc37793000 	C:\WINDOWS\WinSxS\amd64_microsoft.windows.common-controls_6595b64144ccf1df_6.0.26100.5074_none_3e0d6f78e32fd63f\COMCTL32.dll
0x00007ffc54280000 - 0x00007ffc542a7000 	C:\WINDOWS\System32\win32u.dll
0x00007ffc54b70000 - 0x00007ffc54b9b000 	C:\WINDOWS\System32\GDI32.dll
0x00007ffc53dd0000 - 0x00007ffc53efd000 	C:\WINDOWS\System32\gdi32full.dll
0x00007ffc53bd0000 - 0x00007ffc53c73000 	C:\WINDOWS\System32\msvcp_win.dll
0x00007ffc413c0000 - 0x00007ffc413cb000 	C:\WINDOWS\SYSTEM32\VERSION.dll
0x00007ffc548f0000 - 0x00007ffc5491f000 	C:\WINDOWS\System32\IMM32.DLL
0x00007ffc45700000 - 0x00007ffc4570c000 	D:\Installation\jdk-19.0.2\bin\vcruntime140_1.dll
0x00007ffc211e0000 - 0x00007ffc2126e000 	D:\Installation\jdk-19.0.2\bin\msvcp140.dll
0x00007ffbdf210000 - 0x00007ffbdfed0000 	D:\Installation\jdk-19.0.2\bin\server\jvm.dll
0x00007ffc4a930000 - 0x00007ffc4a965000 	C:\WINDOWS\SYSTEM32\WINMM.dll
0x00007ffc2ff30000 - 0x00007ffc2ff3a000 	C:\WINDOWS\SYSTEM32\WSOCK32.dll
0x00007ffc56280000 - 0x00007ffc562f4000 	C:\WINDOWS\System32\ws2_32.DLL
0x00007ffc52450000 - 0x00007ffc5246b000 	C:\WINDOWS\SYSTEM32\kernel.appcore.dll
0x00007ffc3caf0000 - 0x00007ffc3cafa000 	D:\Installation\jdk-19.0.2\bin\jimage.dll
0x00007ffc50a60000 - 0x00007ffc50ca2000 	C:\WINDOWS\SYSTEM32\DBGHELP.DLL
0x00007ffc54490000 - 0x00007ffc5480b000 	C:\WINDOWS\System32\combase.dll
0x00007ffc54a90000 - 0x00007ffc54b67000 	C:\WINDOWS\System32\OLEAUT32.dll
0x00007ffc31380000 - 0x00007ffc313bd000 	C:\WINDOWS\SYSTEM32\dbgcore.DLL
0x00007ffc53a70000 - 0x00007ffc53b09000 	C:\WINDOWS\System32\bcryptPrimitives.dll
0x00007ffc212c0000 - 0x00007ffc212fc000 	D:\Installation\jdk-19.0.2\bin\jdwp.dll
0x00007ffc385f0000 - 0x00007ffc38616000 	D:\Installation\jdk-19.0.2\bin\java.dll
0x00007ffc00120000 - 0x00007ffc001f7000 	D:\Installation\jdk-19.0.2\bin\jsvml.dll
0x00007ffc55180000 - 0x00007ffc558cd000 	C:\WINDOWS\System32\SHELL32.dll
0x00007ffc54110000 - 0x00007ffc5427c000 	C:\WINDOWS\System32\wintypes.dll
0x00007ffc512b0000 - 0x00007ffc51b09000 	C:\WINDOWS\SYSTEM32\windows.storage.dll
0x00007ffc56170000 - 0x00007ffc56260000 	C:\WINDOWS\System32\SHCORE.dll
0x00007ffc54ba0000 - 0x00007ffc54c02000 	C:\WINDOWS\System32\shlwapi.dll
0x00007ffc53590000 - 0x00007ffc535b9000 	C:\WINDOWS\SYSTEM32\profapi.dll
0x00007ffc3caa0000 - 0x00007ffc3caac000 	D:\Installation\jdk-19.0.2\bin\dt_socket.dll
0x00007ffc51e30000 - 0x00007ffc51e64000 	C:\WINDOWS\SYSTEM32\IPHLPAPI.DLL
0x00007ffc529d0000 - 0x00007ffc52a3b000 	C:\WINDOWS\system32\mswsock.dll
0x00007ffc51ec0000 - 0x00007ffc51fe6000 	C:\WINDOWS\SYSTEM32\DNSAPI.dll
0x00007ffc56270000 - 0x00007ffc5627a000 	C:\WINDOWS\System32\NSI.dll
0x00007ffc49c00000 - 0x00007ffc49c0b000 	C:\Windows\System32\rasadhlp.dll
0x00007ffc4d920000 - 0x00007ffc4d9a6000 	C:\WINDOWS\System32\fwpuclnt.dll
0x00007ffc35320000 - 0x00007ffc35333000 	D:\Installation\jdk-19.0.2\bin\net.dll
0x00007ffc4d5b0000 - 0x00007ffc4d6cf000 	C:\WINDOWS\SYSTEM32\WINHTTP.dll
0x00007ffc352d0000 - 0x00007ffc352e6000 	D:\Installation\jdk-19.0.2\bin\nio.dll
0x00007ffc31cb0000 - 0x00007ffc31cc8000 	D:\Installation\jdk-19.0.2\bin\zip.dll
0x00007ffc37860000 - 0x00007ffc3786a000 	D:\Installation\jdk-19.0.2\bin\management.dll
0x00007ffc35310000 - 0x00007ffc3531b000 	D:\Installation\jdk-19.0.2\bin\management_ext.dll
0x00007ffc55170000 - 0x00007ffc55178000 	C:\WINDOWS\System32\PSAPI.DLL
0x00007ffc1cca0000 - 0x00007ffc1ccb8000 	C:\WINDOWS\system32\napinsp.dll
0x00007ffc1c5b0000 - 0x00007ffc1c5c2000 	C:\WINDOWS\System32\winrnr.dll
0x00007ffc1c580000 - 0x00007ffc1c5a8000 	C:\WINDOWS\system32\nlansp_c.dll
0x00007ffc1c560000 - 0x00007ffc1c576000 	C:\WINDOWS\system32\wshbth.dll
0x00007ffc52c70000 - 0x00007ffc52c8b000 	C:\WINDOWS\SYSTEM32\CRYPTSP.dll
0x00007ffc523b0000 - 0x00007ffc523eb000 	C:\WINDOWS\system32\rsaenh.dll
0x00007ffc52a70000 - 0x00007ffc52a9b000 	C:\WINDOWS\SYSTEM32\USERENV.dll
0x00007ffc53560000 - 0x00007ffc53586000 	C:\WINDOWS\SYSTEM32\bcrypt.dll
0x00007ffc52c90000 - 0x00007ffc52c9c000 	C:\WINDOWS\SYSTEM32\CRYPTBASE.dll
0x00007ffc4d800000 - 0x00007ffc4d81e000 	C:\WINDOWS\SYSTEM32\dhcpcsvc6.DLL
0x00007ffc4d7d0000 - 0x00007ffc4d7f3000 	C:\WINDOWS\SYSTEM32\dhcpcsvc.DLL
0x00007ffc34df0000 - 0x00007ffc34df8000 	D:\Installation\jdk-19.0.2\bin\extnet.dll
0x00007ffc26d20000 - 0x00007ffc26d30000 	D:\Installation\jdk-19.0.2\bin\verify.dll
0x00007ffc211a0000 - 0x00007ffc211ae000 	D:\Installation\jdk-19.0.2\bin\sunmscapi.dll
0x00007ffc53f00000 - 0x00007ffc54077000 	C:\WINDOWS\System32\CRYPT32.dll
0x00007ffc52e90000 - 0x00007ffc52ec0000 	C:\WINDOWS\SYSTEM32\ncrypt.dll
0x00007ffc52e40000 - 0x00007ffc52e7f000 	C:\WINDOWS\SYSTEM32\NTASN1.dll
0x00007ffc16c70000 - 0x00007ffc16c78000 	C:\WINDOWS\system32\wshunix.dll

dbghelp: loaded successfully - version: 4.0.5 - missing functions: none
symbol engine: initialized successfully - sym options: 0x614 - pdb path: .;D:\Installation\jdk-19.0.2\bin;C:\WINDOWS\SYSTEM32;C:\WINDOWS\WinSxS\amd64_microsoft.windows.common-controls_6595b64144ccf1df_6.0.26100.5074_none_3e0d6f78e32fd63f;D:\Installation\jdk-19.0.2\bin\server

VM Arguments:
jvm_args: -agentlib:jdwp=transport=dt_socket,server=n,suspend=y,address=localhost:50612 -Dcom.sun.management.jmxremote -Dcom.sun.management.jmxremote.port=52107 -Dcom.sun.management.jmxremote.authenticate=false -Dcom.sun.management.jmxremote.ssl=false -Dspring.jmx.enabled=true -Djava.rmi.server.hostname=localhost -Dspring.application.admin.enabled=true -Dspring.boot.project.name=cityfashion_pos -XX:+ShowCodeDetailsInExceptionMessages 
java_command: com.cityfashionpos.CityfashionPosBackendApplication
java_class_path (initial): D:\For Jannat Appa\CityFashionPOS_Backend\cityfashion_pos\target\classes;C:\Users\User\.m2\repository\org\springframework\boot\spring-boot-starter-data-jpa\2.7.18\spring-boot-starter-data-jpa-2.7.18.jar;C:\Users\User\.m2\repository\org\springframework\boot\spring-boot-starter-aop\2.7.18\spring-boot-starter-aop-2.7.18.jar;C:\Users\User\.m2\repository\org\aspectj\aspectjweaver\1.9.7\aspectjweaver-1.9.7.jar;C:\Users\User\.m2\repository\org\springframework\boot\spring-boot-starter-jdbc\2.7.18\spring-boot-starter-jdbc-2.7.18.jar;C:\Users\User\.m2\repository\com\zaxxer\HikariCP\4.0.3\HikariCP-4.0.3.jar;C:\Users\User\.m2\repository\org\springframework\spring-jdbc\5.3.31\spring-jdbc-5.3.31.jar;C:\Users\User\.m2\repository\jakarta\transaction\jakarta.transaction-api\1.3.3\jakarta.transaction-api-1.3.3.jar;C:\Users\User\.m2\repository\jakarta\persistence\jakarta.persistence-api\2.2.3\jakarta.persistence-api-2.2.3.jar;C:\Users\User\.m2\repository\org\hibernate\hibernate-core\5.6.15.Final\hibernate-core-5.6.15.Final.jar;C:\Users\User\.m2\repository\org\jboss\logging\jboss-logging\3.4.3.Final\jboss-logging-3.4.3.Final.jar;C:\Users\User\.m2\repository\net\bytebuddy\byte-buddy\1.12.23\byte-buddy-1.12.23.jar;C:\Users\User\.m2\repository\antlr\antlr\2.7.7\antlr-2.7.7.jar;C:\Users\User\.m2\repository\org\jboss\jandex\2.4.2.Final\jandex-2.4.2.Final.jar;C:\Users\User\.m2\repository\com\fasterxml\classmate\1.5.1\classmate-1.5.1.jar;C:\Users\User\.m2\repository\org\hibernate\common\hibernate-commons-annotations\5.1.2.Final\hibernate-commons-annotations-5.1.2.Final.jar;C:\Users\User\.m2\repository\org\glassfish\jaxb\jaxb-runtime\2.3.9\jaxb-runtime-2.3.9.jar;C:\Users\User\.m2\repository\org\glassfish\jaxb\txw2\2.3.9\txw2-2.3.9.jar;C:\Users\User\.m2\repository\com\sun\istack\istack-commons-runtime\3.0.12\istack-commons-runtime-3.0.12.jar;C:\Users\User\.m2\repository\com\sun\activation\jakarta.activation\1.2.2\jakarta.activation-1.2.2.jar;C:\Users\User\.m2\repository\org\springframework\data\spring-data-jpa\2.7.18\spring-data-jpa-2.7.18.jar;C:\Users\User\.m2\repository\org\springframework\data\spring-data-commons\2.7.18\spring-data-commons-2.7.18.jar;C:\Users\User\.m2\repository\org\springframework\spring-orm\5.3.31\spring-orm-5.3.31.jar;C:\Users\User\.m2\repository\org\springframework\spring-context\5.3.31\spring-context-5.3.31.jar;C:\Users\User\.m2\repository\org\springframework\spring-tx\5.3.31\spring-tx-5.3.31.jar;C:\Users\User\.m2\repository\org\springframework\spring-beans\5.3.31\spring-beans-5.3.31.jar;C:\Users\User\.m2\repository\org\slf4j\slf4j-api\1.7.36\slf4j-api-1.7.36.jar;C:\Users\User\.m2\repository\org\springframework\spring-aspects\5.3.31\spring-aspects-5.3.31.jar;C:\Users\User\.m2\repository\org\springframework\boot\spring-boot-starter-security\2.7.18\spring-boot-starter-security-2.7.18.jar;C:\Users\User\.m2\repository\org\springframework\boot\spring-boot-starter\2.7.18\spring-boot-starter-2.7.18.jar;C:\Users\User\.m2\repository\org\springframework\boot\spring-boot-starter-logging\2.7.18\spring-boot-starter-logging-2.7.18.jar;C:\Users\User\.m2\repository\ch\qos\logback\logback-classic\1.2.12\logback-classic-1.2.12.jar;C:\Users\User\.m2\repository\ch\qos\logback\logback-core\1.2.12\logback-core-1.2.12.jar;C:\Users\User\.m2\repository\org\apache\logging\log4j\log4j-to-slf4j\2.17.2\log4j-to-slf4j-2.17.2.jar;C:\Users\User\.m2\repository\org\slf4j\jul-to-slf4j\1.7.36\jul-to-slf4j-1.7.36.jar;C:\Users\User\.m2\repository\org\yaml\snakeyaml\1.30\snakeyaml-1.30.jar;C:\Users\User\.m2\repository\org\springframework\spring-aop\5.3.31\spring-aop-5.3.31.jar;C:\Users\User\.m2\repository\org\springframework\security\spring-security-config\5.7.11\spring-security-config-5.7.11.jar;C:\Users\User\.m2\repository\org\springframework\security\spring-security-web\5.7.11\spring-security-web-5.7.11.jar;C:\Users\User\.m2\repository\org\springframework\spring-expression\5.3.31\spring-expression-5.3.31.jar;C:\Users\User\.m2\repository\org\springframework\boot\spring-boot-starter-web\2.7.18\spring-boot-starter-web-2.7.18.jar;C:\Users\User\.m2\repository\org\springframework\boot\spring-boot-starter-json\2.7.18\spring-boot-starter-json-2.7.18.jar;C:\Users\User\.m2\repository\com\fasterxml\jackson\core\jackson-databind\2.13.5\jackson-databind-2.13.5.jar;C:\Users\User\.m2\repository\com\fasterxml\jackson\core\jackson-annotations\2.13.5\jackson-annotations-2.13.5.jar;C:\Users\User\.m2\repository\com\fasterxml\jackson\core\jackson-core\2.13.5\jackson-core-2.13.5.jar;C:\Users\User\.m2\repository\com\fasterxml\jackson\datatype\jackson-datatype-jdk8\2.13.5\jackson-datatype-jdk8-2.13.5.jar;C:\Users\User\.m2\repository\com\fasterxml\jackson\datatype\jackson-datatype-jsr310\2.13.5\jackson-datatype-jsr310-2.13.5.jar;C:\Users\User\.m2\repository\com\fasterxml\jackson\module\jackson-module-parameter-names\2.13.5\jackson-module-parameter-names-2.13.5.jar;C:\Users\User\.m2\repository\org\springframework\spring-web\5.3.31\spring-web-5.3.31.jar;C:\Users\User\.m2\repository\org\springframework\spring-webmvc\5.3.31\spring-webmvc-5.3.31.jar;C:\Users\User\.m2\repository\org\springframework\boot\spring-boot-devtools\2.7.18\spring-boot-devtools-2.7.18.jar;C:\Users\User\.m2\repository\org\springframework\boot\spring-boot\2.7.18\spring-boot-2.7.18.jar;C:\Users\User\.m2\repository\org\springframework\boot\spring-boot-autoconfigure\2.7.18\spring-boot-autoconfigure-2.7.18.jar;C:\Users\User\.m2\repository\org\springframework\boot\spring-boot-starter-tomcat\2.7.18\spring-boot-starter-tomcat-2.7.18.jar;C:\Users\User\.m2\repository\jakarta\annotation\jakarta.annotation-api\1.3.5\jakarta.annotation-api-1.3.5.jar;C:\Users\User\.m2\repository\org\apache\tomcat\embed\tomcat-embed-core\9.0.83\tomcat-embed-core-9.0.83.jar;C:\Users\User\.m2\repository\org\apache\tomcat\embed\tomcat-embed-el\9.0.83\tomcat-embed-el-9.0.83.jar;C:\Users\User\.m2\repository\org\apache\tomcat\embed\tomcat-embed-websocket\9.0.83\tomcat-embed-websocket-9.0.83.jar;C:\Users\User\.m2\repository\jakarta\xml\bind\jakarta.xml.bind-api\2.3.3\jakarta.xml.bind-api-2.3.3.jar;C:\Users\User\.m2\repository\jakarta\activation\jakarta.activation-api\1.2.2\jakarta.activation-api-1.2.2.jar;C:\Users\User\.m2\repository\org\springframework\spring-core\5.3.31\spring-core-5.3.31.jar;C:\Users\User\.m2\repository\org\springframework\spring-jcl\5.3.31\spring-jcl-5.3.31.jar;C:\Users\User\.m2\repository\org\springframework\security\spring-security-core\5.7.11\spring-security-core-5.7.11.jar;C:\Users\User\.m2\repository\org\springframework\security\spring-security-crypto\5.7.11\spring-security-crypto-5.7.11.jar;C:\Users\User\.m2\repository\com\mysql\mysql-connector-j\8.2.0\mysql-connector-j-8.2.0.jar;C:\Users\User\.m2\repository\org\apache\poi\poi\5.4.0\poi-5.4.0.jar;C:\Users\User\.m2\repository\commons-codec\commons-codec\1.15\commons-codec-1.15.jar;C:\Users\User\.m2\repository\org\apache\commons\commons-collections4\4.4\commons-collections4-4.4.jar;C:\Users\User\.m2\repository\org\apache\commons\commons-math3\3.6.1\commons-math3-3.6.1.jar;C:\Users\User\.m2\repository\commons-io\commons-io\2.18.0\commons-io-2.18.0.jar;C:\Users\User\.m2\repository\com\zaxxer\SparseBitSet\1.3\SparseBitSet-1.3.jar;C:\Users\User\.m2\repository\org\apache\logging\log4j\log4j-api\2.17.2\log4j-api-2.17.2.jar;C:\Users\User\.m2\repository\org\apache\poi\poi-ooxml\5.4.0\poi-ooxml-5.4.0.jar;C:\Users\User\.m2\repository\org\apache\poi\poi-ooxml-lite\5.4.0\poi-ooxml-lite-5.4.0.jar;C:\Users\User\.m2\repository\org\apache\xmlbeans\xmlbeans\5.3.0\xmlbeans-5.3.0.jar;C:\Users\User\.m2\repository\org\apache\commons\commons-compress\1.27.1\commons-compress-1.27.1.jar;C:\Users\User\.m2\repository\org\apache\commons\commons-lang3\3.12.0\commons-lang3-3.12.0.jar;C:\Users\User\.m2\repository\com\github\virtuald\curvesapi\1.08\curvesapi-1.08.jar
Launcher Type: SUN_STANDARD

[Global flags]
     intx CICompilerCount                          = 4                                         {product} {ergonomic}
     uint ConcGCThreads                            = 2                                         {product} {ergonomic}
     uint G1ConcRefinementThreads                  = 8                                         {product} {ergonomic}
   size_t G1HeapRegionSize                         = 1048576                                   {product} {ergonomic}
    uintx GCDrainStackTargetSize                   = 64                                        {product} {ergonomic}
   size_t InitialHeapSize                          = 132120576                                 {product} {ergonomic}
     bool ManagementServer                         = true                                      {product} {command line}
   size_t MarkStackSize                            = 4194304                                   {product} {ergonomic}
   size_t MaxHeapSize                              = 2082471936                                {product} {ergonomic}
   size_t MaxNewSize                               = 1248854016                                {product} {ergonomic}
   size_t MinHeapDeltaBytes                        = 1048576                                   {product} {ergonomic}
   size_t MinHeapSize                              = 8388608                                   {product} {ergonomic}
    uintx NonNMethodCodeHeapSize                   = 5839372                                {pd product} {ergonomic}
    uintx NonProfiledCodeHeapSize                  = 122909434                              {pd product} {ergonomic}
    uintx ProfiledCodeHeapSize                     = 122909434                              {pd product} {ergonomic}
    uintx ReservedCodeCacheSize                    = 251658240                              {pd product} {ergonomic}
     bool SegmentedCodeCache                       = true                                      {product} {ergonomic}
     bool ShowCodeDetailsInExceptionMessages       = true                                   {manageable} {command line}
   size_t SoftMaxHeapSize                          = 2082471936                             {manageable} {ergonomic}
     bool UseCompressedClassPointers               = true                           {product lp64_product} {ergonomic}
     bool UseCompressedOops                        = true                           {product lp64_product} {ergonomic}
     bool UseG1GC                                  = true                                      {product} {ergonomic}
     bool UseLargePagesIndividualAllocation        = false                                  {pd product} {ergonomic}

Logging:
Log output configuration:
 #0: stdout all=warning uptime,level,tags foldmultilines=false
 #1: stderr all=off uptime,level,tags foldmultilines=false

Environment Variables:
JAVA_HOME=D:\Installation\jdk-19.0.2
PATH=C:\Program Files (x86)\Common Files\Oracle\Java\javapath;D:\Installation\Python311\Scripts\;D:\Installation\Python311\;C:\Windows\system32;C:\Windows;C:\Windows\System32\Wbem;C:\Windows\System32\WindowsPowerShell\v1.0\;C:\Windows\System32\OpenSSH\;D:\Installation\Git\cmd;C:\Program Files\Docker\Docker\resources\bin;C:\Program Files\Kubernetes\Minikube;C:\ProgramData\chocolatey\bin;C:\Program Files\Microsoft SQL Server\150\Tools\Binn\;C:\Program Files\Microsoft SQL Server\Client SDK\ODBC\170\Tools\Binn\;C:\Program Files\dotnet\;C:\Program Files (x86)\Windows Kits\10\Windows Performance Toolkit\;C:\Program Files\Amazon\AWSCLIV2\;C:\Program Files (x86)\Yarn\bin\;D:\Installation\nodejs\;D:\Installation\Go\bin;C:\WINDOWS\system32;C:\WINDOWS;C:\WINDOWS\System32\Wbem;C:\WINDOWS\System32\WindowsPowerShell\v1.0\;C:\WINDOWS\System32\OpenSSH\;D:\Installation\Void\bin;D:\Installation\Ruby32-x64\bin;C:\Users\User\AppData\Local\Microsoft\WindowsApps;D:\Installations\JetBrains\PyCharm Community Edition 2022.3.1\bin;;D:\Installation\flutter\bin;D:\Installation\jdk-19.0.2\bin;D:\Installation\Python311;D:\Installation\Python311\Scripts\;D:\Installation\Brackets\;D:\Installation\Microsoft VS Code\bin;D:\Installation\Kubernetes;C:\Program Files\Kubernetes\Minikube;C:\ProgramData\chocolatey;C:\Program Files\MySQL\MySQL Server 8.0\bin;C:\Users\User\.dotnet\tools;C:\Users\User\AppData\Roaming\npm\node_modules\serverless\bin;D:\Installation\JetBrains\IntelliJ IDEA Community Edition 2022.3.3\bin;;D:\Installation\PostgreSQL\15\bin;C:\Users\User\AppData\Local\Yarn\bin;C:\Users\User\AppData\Local\Android\Sdk\platform-tools;D:\Installation\Anaconda3\condabin;D:\Installation\apache-maven-3.9.2\bin;C:\Users\User\AppData\Local\Pandoc\;C:\Users\User\AppData\Roaming\npm;C:\Users\User\go\bin;D:\Installation\Go\bin;C:\Users\User\AppData\Local\Programs\cursor\resources\app\bin;C:\Users\User\AppData\Local\GitHubDesktop\bin
USERNAME=User
LANG=en_US.UTF-8
OS=Windows_NT
PROCESSOR_IDENTIFIER=Intel64 Family 6 Model 140 Stepping 2, GenuineIntel
TMP=C:\Users\User\AppData\Local\Temp
TEMP=C:\Users\User\AppData\Local\Temp



---------------  S Y S T E M  ---------------

OS:
 Windows 11 , 64 bit Build 26100 (10.0.26100.5074)
OS uptime: 3 days 22:41 hours
Hyper-V role detected

CPU: total 8 (initial active 8) (4 cores per cpu, 2 threads per core) family 6 model 140 stepping 2 microcode 0x2c, cx8, cmov, fxsr, ht, mmx, 3dnowpref, sse, sse2, sse3, ssse3, sse4.1, sse4.2, popcnt, lzcnt, tsc, tscinvbit, avx, avx2, aes, erms, clmul, bmi1, bmi2, adx, avx512f, avx512dq, avx512cd, avx512bw, avx512vl, sha, fma, vzeroupper, avx512_vpopcntdq, avx512_vpclmulqdq, avx512_vaes, avx512_vnni, clflush, clflushopt, clwb, avx512_vbmi2, avx512_vbmi, hv, rdtscp, rdpid, fsrm, gfni, avx512_bitalg

Memory: 4k page, system-wide physical 7941M (192M free)
TotalPageFile size 32517M (AvailPageFile size 141M)
current process WorkingSet (physical memory assigned to process): 339M, peak: 356M
current process commit charge ("private bytes"): 421M, peak: 644M

vm_info: Java HotSpot(TM) 64-Bit Server VM (19.0.2+7-44) for windows-amd64 JRE (19.0.2+7-44), built on 2022-11-30T18:02:09Z by "mach5one" with MS VC++ 17.1 (VS2022)

END.
